[kbplacer_plugin_action.py:63]: Plugin version: 0.10
[kbplacer_plugin_action.py:64]: Python version: '3.10.12 (main, Nov 20 2023, 15:14:05) [GCC 11.4.0]'
[kbplacer_plugin_action.py:65]: KiCad version: 8.0.3 with 4.2.0 gtk3 (phoenix) wxWidgets 3.2.1
[kbplacer_dialog.py:584]: Language: en
[kbplacer_plugin_action.py:76]: GUI state: {"layout_path": "/mnt/Files/Projects/Desk-Setup/Keyboard/keyboard-layout.json", "key_distance": [19.05, 19.05], "key_info": {"annotation_format": "SW{}", "position_option": "Default", "position": {"x": 0.0, "y": 0.0, "orientation": 0.0, "side": "Front"}, "template_path": ""}, "enable_diode_placement": true, "route_switches_with_diodes": true, "diode_info": {"annotation_format": "D{}", "position_option": "Custom", "position": {"x": -3.08, "y": 5.0, "orientation": 180.0, "side": "Back"}, "template_path": ""}, "additional_elements": [{"annotation_format": "ST{}", "position_option": "Custom", "position": {"x": 0.0, "y": 0.0, "orientation": 0.0, "side": "Front"}, "template_path": ""}], "route_rows_and_columns": false, "template_path": "", "generate_outline": false, "outline_delta": 0.0}
[key_placer.py:299]: Set key 1U distance: 19050000/19050000
[key_placer.py:112]: Switches by nets: defaultdict(<class 'list'>, {frozenset({'C14', 'R5'}): ['SW80'], frozenset({'C13', 'R5'}): ['SW79'], frozenset({'C12', 'R5'}): ['SW78'], frozenset({'C11', 'R5'}): ['SW77'], frozenset({'C10', 'R5'}): ['SW76'], frozenset({'C9', 'R5'}): ['SW75'], frozenset({'C6', 'R5'}): ['SW74'], frozenset({'C2', 'R5'}): ['SW73'], frozenset({'C1', 'R5'}): ['SW72'], frozenset({'C0', 'R5'}): ['SW71'], frozenset({'C13', 'R4'}): ['SW70'], frozenset({'R4', 'C12'}): ['SW69'], frozenset({'R4', 'C11'}): ['SW68'], frozenset({'R4', 'C10'}): ['SW67'], frozenset({'R4', 'C9'}): ['SW66'], frozenset({'R4', 'C8'}): ['SW65'], frozenset({'R4', 'C7'}): ['SW64'], frozenset({'C6', 'R4'}): ['SW63'], frozenset({'R4', 'C5'}): ['SW62'], frozenset({'C4', 'R4'}): ['SW61'], frozenset({'R4', 'C3'}): ['SW60'], frozenset({'C2', 'R4'}): ['SW59'], frozenset({'R4', 'C1'}): ['SW58'], frozenset({'C0', 'R4'}): ['SW57'], frozenset({'C12', 'R3'}): ['SW56'], frozenset({'C11', 'R3'}): ['SW55'], frozenset({'C10', 'R3'}): ['SW54'], frozenset({'R3', 'C9'}): ['SW53'], frozenset({'R3', 'C8'}): ['SW52'], frozenset({'R3', 'C7'}): ['SW51'], frozenset({'C6', 'R3'}): ['SW50'], frozenset({'R3', 'C5'}): ['SW49'], frozenset({'C4', 'R3'}): ['SW48'], frozenset({'C3', 'R3'}): ['SW47'], frozenset({'C2', 'R3'}): ['SW46'], frozenset({'R3', 'C1'}): ['SW45'], frozenset({'C0', 'R3'}): ['SW44'], frozenset({'C14', 'R2'}): ['SW43'], frozenset({'C13', 'R2'}): ['SW42'], frozenset({'R2', 'C12'}): ['SW41'], frozenset({'C11', 'R2'}): ['SW40'], frozenset({'R2', 'C10'}): ['SW39'], frozenset({'R2', 'C9'}): ['SW38'], frozenset({'R2', 'C8'}): ['SW37'], frozenset({'R2', 'C7'}): ['SW36'], frozenset({'C6', 'R2'}): ['SW35'], frozenset({'R2', 'C5'}): ['SW34'], frozenset({'C4', 'R2'}): ['SW33'], frozenset({'C3', 'R2'}): ['SW32'], frozenset({'C2', 'R2'}): ['SW31'], frozenset({'R2', 'C1'}): ['SW30'], frozenset({'C0', 'R2'}): ['SW29'], frozenset({'C14', 'R1'}): ['SW28'], frozenset({'C13', 'R1'}): ['SW27'], frozenset({'C12', 'R1'}): ['SW26'], frozenset({'C11', 'R1'}): ['SW25'], frozenset({'C10', 'R1'}): ['SW24'], frozenset({'R1', 'C9'}): ['SW23'], frozenset({'R1', 'C8'}): ['SW22'], frozenset({'R1', 'C7'}): ['SW21'], frozenset({'C6', 'R1'}): ['SW20'], frozenset({'R1', 'C5'}): ['SW19'], frozenset({'C4', 'R1'}): ['SW18'], frozenset({'C3', 'R1'}): ['SW17'], frozenset({'C2', 'R1'}): ['SW16'], frozenset({'R1', 'C1'}): ['SW15'], frozenset({'C0', 'R1'}): ['SW14'], frozenset({'R0', 'C13'}): ['SW13'], frozenset({'R0', 'C12'}): ['SW12'], frozenset({'R0', 'C11'}): ['SW11'], frozenset({'R0', 'C10'}): ['SW10'], frozenset({'R0', 'C9'}): ['SW9'], frozenset({'R0', 'C8'}): ['SW8'], frozenset({'R0', 'C7'}): ['SW7'], frozenset({'R0', 'C6'}): ['SW6'], frozenset({'R0', 'C5'}): ['SW5'], frozenset({'C4', 'R0'}): ['SW4'], frozenset({'R0', 'C3'}): ['SW3'], frozenset({'C2', 'R0'}): ['SW2'], frozenset({'C0', 'R0'}): ['SW1']})
[key_placer.py:116]: Diodes by switch: {'SW80': ['D80'], 'SW79': ['D79'], 'SW78': ['D78'], 'SW77': ['D77'], 'SW76': ['D76'], 'SW75': ['D75'], 'SW74': ['D74'], 'SW73': ['D73'], 'SW72': ['D72'], 'SW71': ['D71'], 'SW70': ['D70'], 'SW69': ['D69'], 'SW68': ['D68'], 'SW67': ['D67'], 'SW66': ['D66'], 'SW65': ['D65'], 'SW64': ['D64'], 'SW63': ['D63'], 'SW62': ['D62'], 'SW61': ['D61'], 'SW60': ['D60'], 'SW59': ['D59'], 'SW58': ['D58'], 'SW57': ['D57'], 'SW56': ['D56'], 'SW55': ['D55'], 'SW54': ['D54'], 'SW53': ['D53'], 'SW52': ['D52'], 'SW51': ['D51'], 'SW50': ['D50'], 'SW49': ['D49'], 'SW48': ['D48'], 'SW47': ['D47'], 'SW46': ['D46'], 'SW45': ['D45'], 'SW44': ['D44'], 'SW43': ['D43'], 'SW42': ['D42'], 'SW41': ['D41'], 'SW40': ['D40'], 'SW39': ['D39'], 'SW38': ['D38'], 'SW37': ['D37'], 'SW36': ['D36'], 'SW35': ['D35'], 'SW34': ['D34'], 'SW33': ['D33'], 'SW32': ['D32'], 'SW31': ['D31'], 'SW30': ['D30'], 'SW29': ['D29'], 'SW28': ['D28'], 'SW27': ['D27'], 'SW26': ['D26'], 'SW25': ['D25'], 'SW24': ['D24'], 'SW23': ['D23'], 'SW22': ['D22'], 'SW21': ['D21'], 'SW20': ['D20'], 'SW19': ['D19'], 'SW18': ['D18'], 'SW17': ['D17'], 'SW16': ['D16'], 'SW15': ['D15'], 'SW14': ['D14'], 'SW13': ['D13'], 'SW12': ['D12'], 'SW11': ['D11'], 'SW10': ['D10'], 'SW9': ['D9'], 'SW8': ['D8'], 'SW7': ['D7'], 'SW6': ['D6'], 'SW5': ['D5'], 'SW4': ['D4'], 'SW3': ['D3'], 'SW2': ['D2'], 'SW1': ['D1']}
[kle_serial.py:749]: User layout: [['ESC', {'x': 1}, 'F1', 'F2', 'F3', 'F4', {'x': 0.5}, 'F5', 'F6', 'F7', 'F8', {'x': 0.5}, 'F9', 'F10', 'F11', 'F12'], [{'y': 0.25}, '^\n°', '!\n1', '"\n2', '§\n3', '$\n4', '%\n5', '6\n6', '/\n7', '(\n8', ')\n9', '=\n0', '?\nß', '´\n`', {'w': 2}, 'Backspace', {'x': 0.5}, 'Insert'], [{'w': 1.5}, 'Tab', 'Q', 'W', 'E', 'R', 'T', 'Z', 'U', 'I', 'O', 'P', 'Ü', '+\n*', {'x': 0.25, 'w': 1.25, 'h': 2, 'w2': 1.5, 'h2': 1, 'x2': -0.25}, 'Enter', {'x': 0.5}, 'Delete'], [{'w': 1.75}, 'Caps Lock', 'A', 'S', 'D', 'F', 'G', 'H', 'J', 'K', 'L', 'Ö', 'Ä', "#\n'"], [{'w': 1.25}, 'Shift', '>\n\n\n\n\n\n\n\n<', 'Y', 'X', 'C', 'V', 'B', 'N', 'M', ';\n,', ':\n.', '_\n-', {'w': 2.25}, 'Shift', '↑'], [{'w': 1.25}, 'Ctrl', 'Win', {'w': 1.25}, 'Alt', {'a': 7, 'w': 6.25}, '', {'a': 4, 'w': 1.25}, 'Alt', {'w': 1.25}, 'Ctrl', {'w': 1.25}, 'Menu', '←', '↓', '→']]
[key_placer.py:595]: Layout offset: (28575000, 28575000)
[board_modifier.py:83]: Setting SW1 footprint position: (38100000, 38100000)
[board_modifier.py:83]: Setting SW2 footprint position: (76200000, 38100000)
[board_modifier.py:83]: Setting SW3 footprint position: (95250000, 38100000)
[board_modifier.py:83]: Setting SW4 footprint position: (114300000, 38100000)
[board_modifier.py:83]: Setting SW5 footprint position: (133350000, 38100000)
[board_modifier.py:83]: Setting SW6 footprint position: (161925000, 38100000)
[board_modifier.py:83]: Setting SW7 footprint position: (180975000, 38100000)
[board_modifier.py:83]: Setting SW8 footprint position: (200025000, 38100000)
[board_modifier.py:83]: Setting SW9 footprint position: (219075000, 38100000)
[board_modifier.py:83]: Setting SW10 footprint position: (247650000, 38100000)
[board_modifier.py:83]: Setting SW11 footprint position: (266700000, 38100000)
[board_modifier.py:83]: Setting SW12 footprint position: (285750000, 38100000)
[board_modifier.py:83]: Setting SW13 footprint position: (304800000, 38100000)
[board_modifier.py:83]: Setting SW14 footprint position: (38100000, 61912500)
[board_modifier.py:83]: Setting SW15 footprint position: (57150000, 61912500)
[board_modifier.py:83]: Setting SW16 footprint position: (76200000, 61912500)
[board_modifier.py:83]: Setting SW17 footprint position: (95250000, 61912500)
[board_modifier.py:83]: Setting SW18 footprint position: (114300000, 61912500)
[board_modifier.py:83]: Setting SW19 footprint position: (133350000, 61912500)
[board_modifier.py:83]: Setting SW20 footprint position: (152400000, 61912500)
[board_modifier.py:83]: Setting SW21 footprint position: (171450000, 61912500)
[board_modifier.py:83]: Setting SW22 footprint position: (190500000, 61912500)
[board_modifier.py:83]: Setting SW23 footprint position: (209550000, 61912500)
[board_modifier.py:83]: Setting SW24 footprint position: (228600000, 61912500)
[board_modifier.py:83]: Setting SW25 footprint position: (247650000, 61912500)
[board_modifier.py:83]: Setting SW26 footprint position: (266700000, 61912500)
[board_modifier.py:83]: Setting SW27 footprint position: (295275000, 61912500)
[board_modifier.py:83]: Setting SW28 footprint position: (333375000, 61912500)
[board_modifier.py:83]: Setting SW29 footprint position: (42862500, 80962500)
[board_modifier.py:83]: Setting SW30 footprint position: (66675000, 80962500)
[board_modifier.py:83]: Setting SW31 footprint position: (85725000, 80962500)
[board_modifier.py:83]: Setting SW32 footprint position: (104775000, 80962500)
[board_modifier.py:83]: Setting SW33 footprint position: (123825000, 80962500)
[board_modifier.py:83]: Setting SW34 footprint position: (142875000, 80962500)
[board_modifier.py:83]: Setting SW35 footprint position: (161925000, 80962500)
[board_modifier.py:83]: Setting SW36 footprint position: (180975000, 80962500)
[board_modifier.py:83]: Setting SW37 footprint position: (200025000, 80962500)
[board_modifier.py:83]: Setting SW38 footprint position: (219075000, 80962500)
[board_modifier.py:83]: Setting SW39 footprint position: (238125000, 80962500)
[board_modifier.py:83]: Setting SW40 footprint position: (257175000, 80962500)
[board_modifier.py:83]: Setting SW41 footprint position: (276225000, 80962500)
[board_modifier.py:83]: Setting SW42 footprint position: (302418750, 90487500)
[board_modifier.py:83]: Setting SW43 footprint position: (333375000, 80962500)
[board_modifier.py:83]: Setting SW44 footprint position: (45243750, 100012500)
[board_modifier.py:83]: Setting SW45 footprint position: (71437500, 100012500)
[board_modifier.py:83]: Setting SW46 footprint position: (90487500, 100012500)
[board_modifier.py:83]: Setting SW47 footprint position: (109537500, 100012500)
[board_modifier.py:83]: Setting SW48 footprint position: (128587500, 100012500)
[board_modifier.py:83]: Setting SW49 footprint position: (147637500, 100012500)
[board_modifier.py:83]: Setting SW50 footprint position: (166687500, 100012500)
[board_modifier.py:83]: Setting SW51 footprint position: (185737500, 100012500)
[board_modifier.py:83]: Setting SW52 footprint position: (204787500, 100012500)
[board_modifier.py:83]: Setting SW53 footprint position: (223837500, 100012500)
[board_modifier.py:83]: Setting SW54 footprint position: (242887500, 100012500)
[board_modifier.py:83]: Setting SW55 footprint position: (261937500, 100012500)
[board_modifier.py:83]: Setting SW56 footprint position: (280987500, 100012500)
[board_modifier.py:83]: Setting SW57 footprint position: (40481250, 119062500)
[board_modifier.py:83]: Setting SW58 footprint position: (61912500, 119062500)
[board_modifier.py:83]: Setting SW59 footprint position: (80962500, 119062500)
[board_modifier.py:83]: Setting SW60 footprint position: (100012500, 119062500)
[board_modifier.py:83]: Setting SW61 footprint position: (119062500, 119062500)
[board_modifier.py:83]: Setting SW62 footprint position: (138112500, 119062500)
[board_modifier.py:83]: Setting SW63 footprint position: (157162500, 119062500)
[board_modifier.py:83]: Setting SW64 footprint position: (176212500, 119062500)
[board_modifier.py:83]: Setting SW65 footprint position: (195262500, 119062500)
[board_modifier.py:83]: Setting SW66 footprint position: (214312500, 119062500)
[board_modifier.py:83]: Setting SW67 footprint position: (233362500, 119062500)
[board_modifier.py:83]: Setting SW68 footprint position: (252412500, 119062500)
[board_modifier.py:83]: Setting SW69 footprint position: (283368750, 119062500)
[board_modifier.py:83]: Setting SW70 footprint position: (314325000, 119062500)
[board_modifier.py:83]: Setting SW71 footprint position: (40481250, 138112500)
[board_modifier.py:83]: Setting SW72 footprint position: (61912500, 138112500)
[board_modifier.py:83]: Setting SW73 footprint position: (83343750, 138112500)
[board_modifier.py:83]: Setting SW74 footprint position: (154781250, 138112500)
[board_modifier.py:83]: Setting SW75 footprint position: (226218750, 138112500)
[board_modifier.py:83]: Setting SW76 footprint position: (250031250, 138112500)
[board_modifier.py:83]: Setting SW77 footprint position: (273843750, 138112500)
[board_modifier.py:83]: Setting SW78 footprint position: (295275000, 138112500)
[board_modifier.py:83]: Setting SW79 footprint position: (314325000, 138112500)
[board_modifier.py:83]: Setting SW80 footprint position: (333375000, 138112500)
[key_placer.py:907]: Diode info: [ElementInfo(annotation_format='D{}', position_option=<PositionOption.CUSTOM: 'Custom'>, position=ElementPosition(x=-3.08, y=5.0, orientation=180.0, side=<Side.BACK: 'Back'>), template_path='')]
[board_modifier.py:96]: Getting SW1 footprint position: (38100000, 38100000)
[board_modifier.py:83]: Setting D1 footprint position: (35020000, 43100000)
[board_modifier.py:96]: Getting SW10 footprint position: (247650000, 38100000)
[board_modifier.py:83]: Setting D10 footprint position: (244570000, 43100000)
[board_modifier.py:96]: Getting SW11 footprint position: (266700000, 38100000)
[board_modifier.py:83]: Setting D11 footprint position: (263620000, 43100000)
[board_modifier.py:96]: Getting SW12 footprint position: (285750000, 38100000)
[board_modifier.py:83]: Setting D12 footprint position: (282670000, 43100000)
[board_modifier.py:96]: Getting SW13 footprint position: (304800000, 38100000)
[board_modifier.py:83]: Setting D13 footprint position: (301720000, 43100000)
[board_modifier.py:96]: Getting SW14 footprint position: (38100000, 61912500)
[board_modifier.py:83]: Setting D14 footprint position: (35020000, 66912500)
[board_modifier.py:96]: Getting SW15 footprint position: (57150000, 61912500)
[board_modifier.py:83]: Setting D15 footprint position: (54070000, 66912500)
[board_modifier.py:96]: Getting SW16 footprint position: (76200000, 61912500)
[board_modifier.py:83]: Setting D16 footprint position: (73120000, 66912500)
[board_modifier.py:96]: Getting SW17 footprint position: (95250000, 61912500)
[board_modifier.py:83]: Setting D17 footprint position: (92170000, 66912500)
[board_modifier.py:96]: Getting SW18 footprint position: (114300000, 61912500)
[board_modifier.py:83]: Setting D18 footprint position: (111220000, 66912500)
[board_modifier.py:96]: Getting SW19 footprint position: (133350000, 61912500)
[board_modifier.py:83]: Setting D19 footprint position: (130270000, 66912500)
[board_modifier.py:96]: Getting SW2 footprint position: (76200000, 38100000)
[board_modifier.py:83]: Setting D2 footprint position: (73120000, 43100000)
[board_modifier.py:96]: Getting SW20 footprint position: (152400000, 61912500)
[board_modifier.py:83]: Setting D20 footprint position: (149320000, 66912500)
[board_modifier.py:96]: Getting SW21 footprint position: (171450000, 61912500)
[board_modifier.py:83]: Setting D21 footprint position: (168370000, 66912500)
[board_modifier.py:96]: Getting SW22 footprint position: (190500000, 61912500)
[board_modifier.py:83]: Setting D22 footprint position: (187420000, 66912500)
[board_modifier.py:96]: Getting SW23 footprint position: (209550000, 61912500)
[board_modifier.py:83]: Setting D23 footprint position: (206470000, 66912500)
[board_modifier.py:96]: Getting SW24 footprint position: (228600000, 61912500)
[board_modifier.py:83]: Setting D24 footprint position: (225520000, 66912500)
[board_modifier.py:96]: Getting SW25 footprint position: (247650000, 61912500)
[board_modifier.py:83]: Setting D25 footprint position: (244570000, 66912500)
[board_modifier.py:96]: Getting SW26 footprint position: (266700000, 61912500)
[board_modifier.py:83]: Setting D26 footprint position: (263620000, 66912500)
[board_modifier.py:96]: Getting SW27 footprint position: (295275000, 61912500)
[board_modifier.py:83]: Setting D27 footprint position: (292195000, 66912500)
[board_modifier.py:96]: Getting SW28 footprint position: (333375000, 61912500)
[board_modifier.py:83]: Setting D28 footprint position: (330295000, 66912500)
[board_modifier.py:96]: Getting SW29 footprint position: (42862500, 80962500)
[board_modifier.py:83]: Setting D29 footprint position: (39782500, 85962500)
[board_modifier.py:96]: Getting SW3 footprint position: (95250000, 38100000)
[board_modifier.py:83]: Setting D3 footprint position: (92170000, 43100000)
[board_modifier.py:96]: Getting SW30 footprint position: (66675000, 80962500)
[board_modifier.py:83]: Setting D30 footprint position: (63595000, 85962500)
[board_modifier.py:96]: Getting SW31 footprint position: (85725000, 80962500)
[board_modifier.py:83]: Setting D31 footprint position: (82645000, 85962500)
[board_modifier.py:96]: Getting SW32 footprint position: (104775000, 80962500)
[board_modifier.py:83]: Setting D32 footprint position: (101695000, 85962500)
[board_modifier.py:96]: Getting SW33 footprint position: (123825000, 80962500)
[board_modifier.py:83]: Setting D33 footprint position: (120745000, 85962500)
[board_modifier.py:96]: Getting SW34 footprint position: (142875000, 80962500)
[board_modifier.py:83]: Setting D34 footprint position: (139795000, 85962500)
[board_modifier.py:96]: Getting SW35 footprint position: (161925000, 80962500)
[board_modifier.py:83]: Setting D35 footprint position: (158845000, 85962500)
[board_modifier.py:96]: Getting SW36 footprint position: (180975000, 80962500)
[board_modifier.py:83]: Setting D36 footprint position: (177895000, 85962500)
[board_modifier.py:96]: Getting SW37 footprint position: (200025000, 80962500)
[board_modifier.py:83]: Setting D37 footprint position: (196945000, 85962500)
[board_modifier.py:96]: Getting SW38 footprint position: (219075000, 80962500)
[board_modifier.py:83]: Setting D38 footprint position: (215995000, 85962500)
[board_modifier.py:96]: Getting SW39 footprint position: (238125000, 80962500)
[board_modifier.py:83]: Setting D39 footprint position: (235045000, 85962500)
[board_modifier.py:96]: Getting SW4 footprint position: (114300000, 38100000)
[board_modifier.py:83]: Setting D4 footprint position: (111220000, 43100000)
[board_modifier.py:96]: Getting SW40 footprint position: (257175000, 80962500)
[board_modifier.py:83]: Setting D40 footprint position: (254095000, 85962500)
[board_modifier.py:96]: Getting SW41 footprint position: (276225000, 80962500)
[board_modifier.py:83]: Setting D41 footprint position: (273145000, 85962500)
[board_modifier.py:96]: Getting SW42 footprint position: (302418750, 90487500)
[board_modifier.py:83]: Setting D42 footprint position: (299338750, 95487500)
[board_modifier.py:96]: Getting SW43 footprint position: (333375000, 80962500)
[board_modifier.py:83]: Setting D43 footprint position: (330295000, 85962500)
[board_modifier.py:96]: Getting SW44 footprint position: (45243750, 100012500)
[board_modifier.py:83]: Setting D44 footprint position: (42163750, 105012500)
[board_modifier.py:96]: Getting SW45 footprint position: (71437500, 100012500)
[board_modifier.py:83]: Setting D45 footprint position: (68357500, 105012500)
[board_modifier.py:96]: Getting SW46 footprint position: (90487500, 100012500)
[board_modifier.py:83]: Setting D46 footprint position: (87407500, 105012500)
[board_modifier.py:96]: Getting SW47 footprint position: (109537500, 100012500)
[board_modifier.py:83]: Setting D47 footprint position: (106457500, 105012500)
[board_modifier.py:96]: Getting SW48 footprint position: (128587500, 100012500)
[board_modifier.py:83]: Setting D48 footprint position: (125507500, 105012500)
[board_modifier.py:96]: Getting SW49 footprint position: (147637500, 100012500)
[board_modifier.py:83]: Setting D49 footprint position: (144557500, 105012500)
[board_modifier.py:96]: Getting SW5 footprint position: (133350000, 38100000)
[board_modifier.py:83]: Setting D5 footprint position: (130270000, 43100000)
[board_modifier.py:96]: Getting SW50 footprint position: (166687500, 100012500)
[board_modifier.py:83]: Setting D50 footprint position: (163607500, 105012500)
[board_modifier.py:96]: Getting SW51 footprint position: (185737500, 100012500)
[board_modifier.py:83]: Setting D51 footprint position: (182657500, 105012500)
[board_modifier.py:96]: Getting SW52 footprint position: (204787500, 100012500)
[board_modifier.py:83]: Setting D52 footprint position: (201707500, 105012500)
[board_modifier.py:96]: Getting SW53 footprint position: (223837500, 100012500)
[board_modifier.py:83]: Setting D53 footprint position: (220757500, 105012500)
[board_modifier.py:96]: Getting SW54 footprint position: (242887500, 100012500)
[board_modifier.py:83]: Setting D54 footprint position: (239807500, 105012500)
[board_modifier.py:96]: Getting SW55 footprint position: (261937500, 100012500)
[board_modifier.py:83]: Setting D55 footprint position: (258857500, 105012500)
[board_modifier.py:96]: Getting SW56 footprint position: (280987500, 100012500)
[board_modifier.py:83]: Setting D56 footprint position: (277907500, 105012500)
[board_modifier.py:96]: Getting SW57 footprint position: (40481250, 119062500)
[board_modifier.py:83]: Setting D57 footprint position: (37401250, 124062500)
[board_modifier.py:96]: Getting SW58 footprint position: (61912500, 119062500)
[board_modifier.py:83]: Setting D58 footprint position: (58832500, 124062500)
[board_modifier.py:96]: Getting SW59 footprint position: (80962500, 119062500)
[board_modifier.py:83]: Setting D59 footprint position: (77882500, 124062500)
[board_modifier.py:96]: Getting SW6 footprint position: (161925000, 38100000)
[board_modifier.py:83]: Setting D6 footprint position: (158845000, 43100000)
[board_modifier.py:96]: Getting SW60 footprint position: (100012500, 119062500)
[board_modifier.py:83]: Setting D60 footprint position: (96932500, 124062500)
[board_modifier.py:96]: Getting SW61 footprint position: (119062500, 119062500)
[board_modifier.py:83]: Setting D61 footprint position: (115982500, 124062500)
[board_modifier.py:96]: Getting SW62 footprint position: (138112500, 119062500)
[board_modifier.py:83]: Setting D62 footprint position: (135032500, 124062500)
[board_modifier.py:96]: Getting SW63 footprint position: (157162500, 119062500)
[board_modifier.py:83]: Setting D63 footprint position: (154082500, 124062500)
[board_modifier.py:96]: Getting SW64 footprint position: (176212500, 119062500)
[board_modifier.py:83]: Setting D64 footprint position: (173132500, 124062500)
[board_modifier.py:96]: Getting SW65 footprint position: (195262500, 119062500)
[board_modifier.py:83]: Setting D65 footprint position: (192182500, 124062500)
[board_modifier.py:96]: Getting SW66 footprint position: (214312500, 119062500)
[board_modifier.py:83]: Setting D66 footprint position: (211232500, 124062500)
[board_modifier.py:96]: Getting SW67 footprint position: (233362500, 119062500)
[board_modifier.py:83]: Setting D67 footprint position: (230282500, 124062500)
[board_modifier.py:96]: Getting SW68 footprint position: (252412500, 119062500)
[board_modifier.py:83]: Setting D68 footprint position: (249332500, 124062500)
[board_modifier.py:96]: Getting SW69 footprint position: (283368750, 119062500)
[board_modifier.py:83]: Setting D69 footprint position: (280288750, 124062500)
[board_modifier.py:96]: Getting SW7 footprint position: (180975000, 38100000)
[board_modifier.py:83]: Setting D7 footprint position: (177895000, 43100000)
[board_modifier.py:96]: Getting SW70 footprint position: (314325000, 119062500)
[board_modifier.py:83]: Setting D70 footprint position: (311245000, 124062500)
[board_modifier.py:96]: Getting SW71 footprint position: (40481250, 138112500)
[board_modifier.py:83]: Setting D71 footprint position: (37401250, 143112500)
[board_modifier.py:96]: Getting SW72 footprint position: (61912500, 138112500)
[board_modifier.py:83]: Setting D72 footprint position: (58832500, 143112500)
[board_modifier.py:96]: Getting SW73 footprint position: (83343750, 138112500)
[board_modifier.py:83]: Setting D73 footprint position: (80263750, 143112500)
[board_modifier.py:96]: Getting SW74 footprint position: (154781250, 138112500)
[board_modifier.py:83]: Setting D74 footprint position: (151701250, 143112500)
[board_modifier.py:96]: Getting SW75 footprint position: (226218750, 138112500)
[board_modifier.py:83]: Setting D75 footprint position: (223138750, 143112500)
[board_modifier.py:96]: Getting SW76 footprint position: (250031250, 138112500)
[board_modifier.py:83]: Setting D76 footprint position: (246951250, 143112500)
[board_modifier.py:96]: Getting SW77 footprint position: (273843750, 138112500)
[board_modifier.py:83]: Setting D77 footprint position: (270763750, 143112500)
[board_modifier.py:96]: Getting SW78 footprint position: (295275000, 138112500)
[board_modifier.py:83]: Setting D78 footprint position: (292195000, 143112500)
[board_modifier.py:96]: Getting SW79 footprint position: (314325000, 138112500)
[board_modifier.py:83]: Setting D79 footprint position: (311245000, 143112500)
[board_modifier.py:96]: Getting SW8 footprint position: (200025000, 38100000)
[board_modifier.py:83]: Setting D8 footprint position: (196945000, 43100000)
[board_modifier.py:96]: Getting SW80 footprint position: (333375000, 138112500)
[board_modifier.py:83]: Setting D80 footprint position: (330295000, 143112500)
[board_modifier.py:96]: Getting SW9 footprint position: (219075000, 38100000)
[board_modifier.py:83]: Setting D9 footprint position: (215995000, 43100000)
[board_modifier.py:96]: Getting SW80 footprint position: (333375000, 138112500)
[board_modifier.py:63]: Searching for ST80 footprint in /mnt/Files/Projects/Desk-Setup/Keyboard/Keyboard.kicad_pcb
[board_modifier.py:66]: Footprint not found
[board_modifier.py:96]: Getting SW79 footprint position: (314325000, 138112500)
[board_modifier.py:63]: Searching for ST79 footprint in /mnt/Files/Projects/Desk-Setup/Keyboard/Keyboard.kicad_pcb
[board_modifier.py:66]: Footprint not found
[board_modifier.py:96]: Getting SW78 footprint position: (295275000, 138112500)
[board_modifier.py:63]: Searching for ST78 footprint in /mnt/Files/Projects/Desk-Setup/Keyboard/Keyboard.kicad_pcb
[board_modifier.py:66]: Footprint not found
[board_modifier.py:96]: Getting SW77 footprint position: (273843750, 138112500)
[board_modifier.py:63]: Searching for ST77 footprint in /mnt/Files/Projects/Desk-Setup/Keyboard/Keyboard.kicad_pcb
[board_modifier.py:66]: Footprint not found
[board_modifier.py:96]: Getting SW76 footprint position: (250031250, 138112500)
[board_modifier.py:63]: Searching for ST76 footprint in /mnt/Files/Projects/Desk-Setup/Keyboard/Keyboard.kicad_pcb
[board_modifier.py:66]: Footprint not found
[board_modifier.py:96]: Getting SW75 footprint position: (226218750, 138112500)
[board_modifier.py:63]: Searching for ST75 footprint in /mnt/Files/Projects/Desk-Setup/Keyboard/Keyboard.kicad_pcb
[board_modifier.py:66]: Footprint not found
[board_modifier.py:96]: Getting SW74 footprint position: (154781250, 138112500)
[board_modifier.py:63]: Searching for ST74 footprint in /mnt/Files/Projects/Desk-Setup/Keyboard/Keyboard.kicad_pcb
[board_modifier.py:66]: Footprint not found
[board_modifier.py:96]: Getting SW73 footprint position: (83343750, 138112500)
[board_modifier.py:63]: Searching for ST73 footprint in /mnt/Files/Projects/Desk-Setup/Keyboard/Keyboard.kicad_pcb
[board_modifier.py:66]: Footprint not found
[board_modifier.py:96]: Getting SW72 footprint position: (61912500, 138112500)
[board_modifier.py:63]: Searching for ST72 footprint in /mnt/Files/Projects/Desk-Setup/Keyboard/Keyboard.kicad_pcb
[board_modifier.py:66]: Footprint not found
[board_modifier.py:96]: Getting SW71 footprint position: (40481250, 138112500)
[board_modifier.py:63]: Searching for ST71 footprint in /mnt/Files/Projects/Desk-Setup/Keyboard/Keyboard.kicad_pcb
[board_modifier.py:66]: Footprint not found
[board_modifier.py:96]: Getting SW70 footprint position: (314325000, 119062500)
[board_modifier.py:63]: Searching for ST70 footprint in /mnt/Files/Projects/Desk-Setup/Keyboard/Keyboard.kicad_pcb
[board_modifier.py:66]: Footprint not found
[board_modifier.py:96]: Getting SW69 footprint position: (283368750, 119062500)
[board_modifier.py:63]: Searching for ST69 footprint in /mnt/Files/Projects/Desk-Setup/Keyboard/Keyboard.kicad_pcb
[board_modifier.py:66]: Footprint not found
[board_modifier.py:96]: Getting SW68 footprint position: (252412500, 119062500)
[board_modifier.py:63]: Searching for ST68 footprint in /mnt/Files/Projects/Desk-Setup/Keyboard/Keyboard.kicad_pcb
[board_modifier.py:66]: Footprint not found
[board_modifier.py:96]: Getting SW67 footprint position: (233362500, 119062500)
[board_modifier.py:63]: Searching for ST67 footprint in /mnt/Files/Projects/Desk-Setup/Keyboard/Keyboard.kicad_pcb
[board_modifier.py:66]: Footprint not found
[board_modifier.py:96]: Getting SW66 footprint position: (214312500, 119062500)
[board_modifier.py:63]: Searching for ST66 footprint in /mnt/Files/Projects/Desk-Setup/Keyboard/Keyboard.kicad_pcb
[board_modifier.py:66]: Footprint not found
[board_modifier.py:96]: Getting SW65 footprint position: (195262500, 119062500)
[board_modifier.py:63]: Searching for ST65 footprint in /mnt/Files/Projects/Desk-Setup/Keyboard/Keyboard.kicad_pcb
[board_modifier.py:66]: Footprint not found
[board_modifier.py:96]: Getting SW64 footprint position: (176212500, 119062500)
[board_modifier.py:63]: Searching for ST64 footprint in /mnt/Files/Projects/Desk-Setup/Keyboard/Keyboard.kicad_pcb
[board_modifier.py:66]: Footprint not found
[board_modifier.py:96]: Getting SW63 footprint position: (157162500, 119062500)
[board_modifier.py:63]: Searching for ST63 footprint in /mnt/Files/Projects/Desk-Setup/Keyboard/Keyboard.kicad_pcb
[board_modifier.py:66]: Footprint not found
[board_modifier.py:96]: Getting SW62 footprint position: (138112500, 119062500)
[board_modifier.py:63]: Searching for ST62 footprint in /mnt/Files/Projects/Desk-Setup/Keyboard/Keyboard.kicad_pcb
[board_modifier.py:66]: Footprint not found
[board_modifier.py:96]: Getting SW61 footprint position: (119062500, 119062500)
[board_modifier.py:63]: Searching for ST61 footprint in /mnt/Files/Projects/Desk-Setup/Keyboard/Keyboard.kicad_pcb
[board_modifier.py:66]: Footprint not found
[board_modifier.py:96]: Getting SW60 footprint position: (100012500, 119062500)
[board_modifier.py:63]: Searching for ST60 footprint in /mnt/Files/Projects/Desk-Setup/Keyboard/Keyboard.kicad_pcb
[board_modifier.py:66]: Footprint not found
[board_modifier.py:96]: Getting SW59 footprint position: (80962500, 119062500)
[board_modifier.py:63]: Searching for ST59 footprint in /mnt/Files/Projects/Desk-Setup/Keyboard/Keyboard.kicad_pcb
[board_modifier.py:66]: Footprint not found
[board_modifier.py:96]: Getting SW58 footprint position: (61912500, 119062500)
[board_modifier.py:63]: Searching for ST58 footprint in /mnt/Files/Projects/Desk-Setup/Keyboard/Keyboard.kicad_pcb
[board_modifier.py:66]: Footprint not found
[board_modifier.py:96]: Getting SW57 footprint position: (40481250, 119062500)
[board_modifier.py:63]: Searching for ST57 footprint in /mnt/Files/Projects/Desk-Setup/Keyboard/Keyboard.kicad_pcb
[board_modifier.py:66]: Footprint not found
[board_modifier.py:96]: Getting SW56 footprint position: (280987500, 100012500)
[board_modifier.py:63]: Searching for ST56 footprint in /mnt/Files/Projects/Desk-Setup/Keyboard/Keyboard.kicad_pcb
[board_modifier.py:66]: Footprint not found
[board_modifier.py:96]: Getting SW55 footprint position: (261937500, 100012500)
[board_modifier.py:63]: Searching for ST55 footprint in /mnt/Files/Projects/Desk-Setup/Keyboard/Keyboard.kicad_pcb
[board_modifier.py:66]: Footprint not found
[board_modifier.py:96]: Getting SW54 footprint position: (242887500, 100012500)
[board_modifier.py:63]: Searching for ST54 footprint in /mnt/Files/Projects/Desk-Setup/Keyboard/Keyboard.kicad_pcb
[board_modifier.py:66]: Footprint not found
[board_modifier.py:96]: Getting SW53 footprint position: (223837500, 100012500)
[board_modifier.py:63]: Searching for ST53 footprint in /mnt/Files/Projects/Desk-Setup/Keyboard/Keyboard.kicad_pcb
[board_modifier.py:66]: Footprint not found
[board_modifier.py:96]: Getting SW52 footprint position: (204787500, 100012500)
[board_modifier.py:63]: Searching for ST52 footprint in /mnt/Files/Projects/Desk-Setup/Keyboard/Keyboard.kicad_pcb
[board_modifier.py:66]: Footprint not found
[board_modifier.py:96]: Getting SW51 footprint position: (185737500, 100012500)
[board_modifier.py:63]: Searching for ST51 footprint in /mnt/Files/Projects/Desk-Setup/Keyboard/Keyboard.kicad_pcb
[board_modifier.py:66]: Footprint not found
[board_modifier.py:96]: Getting SW50 footprint position: (166687500, 100012500)
[board_modifier.py:63]: Searching for ST50 footprint in /mnt/Files/Projects/Desk-Setup/Keyboard/Keyboard.kicad_pcb
[board_modifier.py:66]: Footprint not found
[board_modifier.py:96]: Getting SW49 footprint position: (147637500, 100012500)
[board_modifier.py:63]: Searching for ST49 footprint in /mnt/Files/Projects/Desk-Setup/Keyboard/Keyboard.kicad_pcb
[board_modifier.py:66]: Footprint not found
[board_modifier.py:96]: Getting SW48 footprint position: (128587500, 100012500)
[board_modifier.py:63]: Searching for ST48 footprint in /mnt/Files/Projects/Desk-Setup/Keyboard/Keyboard.kicad_pcb
[board_modifier.py:66]: Footprint not found
[board_modifier.py:96]: Getting SW47 footprint position: (109537500, 100012500)
[board_modifier.py:63]: Searching for ST47 footprint in /mnt/Files/Projects/Desk-Setup/Keyboard/Keyboard.kicad_pcb
[board_modifier.py:66]: Footprint not found
[board_modifier.py:96]: Getting SW46 footprint position: (90487500, 100012500)
[board_modifier.py:63]: Searching for ST46 footprint in /mnt/Files/Projects/Desk-Setup/Keyboard/Keyboard.kicad_pcb
[board_modifier.py:66]: Footprint not found
[board_modifier.py:96]: Getting SW45 footprint position: (71437500, 100012500)
[board_modifier.py:63]: Searching for ST45 footprint in /mnt/Files/Projects/Desk-Setup/Keyboard/Keyboard.kicad_pcb
[board_modifier.py:66]: Footprint not found
[board_modifier.py:96]: Getting SW44 footprint position: (45243750, 100012500)
[board_modifier.py:63]: Searching for ST44 footprint in /mnt/Files/Projects/Desk-Setup/Keyboard/Keyboard.kicad_pcb
[board_modifier.py:66]: Footprint not found
[board_modifier.py:96]: Getting SW43 footprint position: (333375000, 80962500)
[board_modifier.py:63]: Searching for ST43 footprint in /mnt/Files/Projects/Desk-Setup/Keyboard/Keyboard.kicad_pcb
[board_modifier.py:66]: Footprint not found
[board_modifier.py:96]: Getting SW42 footprint position: (302418750, 90487500)
[board_modifier.py:63]: Searching for ST42 footprint in /mnt/Files/Projects/Desk-Setup/Keyboard/Keyboard.kicad_pcb
[board_modifier.py:66]: Footprint not found
[board_modifier.py:96]: Getting SW41 footprint position: (276225000, 80962500)
[board_modifier.py:63]: Searching for ST41 footprint in /mnt/Files/Projects/Desk-Setup/Keyboard/Keyboard.kicad_pcb
[board_modifier.py:66]: Footprint not found
[board_modifier.py:96]: Getting SW40 footprint position: (257175000, 80962500)
[board_modifier.py:63]: Searching for ST40 footprint in /mnt/Files/Projects/Desk-Setup/Keyboard/Keyboard.kicad_pcb
[board_modifier.py:66]: Footprint not found
[board_modifier.py:96]: Getting SW39 footprint position: (238125000, 80962500)
[board_modifier.py:63]: Searching for ST39 footprint in /mnt/Files/Projects/Desk-Setup/Keyboard/Keyboard.kicad_pcb
[board_modifier.py:66]: Footprint not found
[board_modifier.py:96]: Getting SW38 footprint position: (219075000, 80962500)
[board_modifier.py:63]: Searching for ST38 footprint in /mnt/Files/Projects/Desk-Setup/Keyboard/Keyboard.kicad_pcb
[board_modifier.py:66]: Footprint not found
[board_modifier.py:96]: Getting SW37 footprint position: (200025000, 80962500)
[board_modifier.py:63]: Searching for ST37 footprint in /mnt/Files/Projects/Desk-Setup/Keyboard/Keyboard.kicad_pcb
[board_modifier.py:66]: Footprint not found
[board_modifier.py:96]: Getting SW36 footprint position: (180975000, 80962500)
[board_modifier.py:63]: Searching for ST36 footprint in /mnt/Files/Projects/Desk-Setup/Keyboard/Keyboard.kicad_pcb
[board_modifier.py:66]: Footprint not found
[board_modifier.py:96]: Getting SW35 footprint position: (161925000, 80962500)
[board_modifier.py:63]: Searching for ST35 footprint in /mnt/Files/Projects/Desk-Setup/Keyboard/Keyboard.kicad_pcb
[board_modifier.py:66]: Footprint not found
[board_modifier.py:96]: Getting SW34 footprint position: (142875000, 80962500)
[board_modifier.py:63]: Searching for ST34 footprint in /mnt/Files/Projects/Desk-Setup/Keyboard/Keyboard.kicad_pcb
[board_modifier.py:66]: Footprint not found
[board_modifier.py:96]: Getting SW33 footprint position: (123825000, 80962500)
[board_modifier.py:63]: Searching for ST33 footprint in /mnt/Files/Projects/Desk-Setup/Keyboard/Keyboard.kicad_pcb
[board_modifier.py:66]: Footprint not found
[board_modifier.py:96]: Getting SW32 footprint position: (104775000, 80962500)
[board_modifier.py:63]: Searching for ST32 footprint in /mnt/Files/Projects/Desk-Setup/Keyboard/Keyboard.kicad_pcb
[board_modifier.py:66]: Footprint not found
[board_modifier.py:96]: Getting SW31 footprint position: (85725000, 80962500)
[board_modifier.py:63]: Searching for ST31 footprint in /mnt/Files/Projects/Desk-Setup/Keyboard/Keyboard.kicad_pcb
[board_modifier.py:66]: Footprint not found
[board_modifier.py:96]: Getting SW30 footprint position: (66675000, 80962500)
[board_modifier.py:63]: Searching for ST30 footprint in /mnt/Files/Projects/Desk-Setup/Keyboard/Keyboard.kicad_pcb
[board_modifier.py:66]: Footprint not found
[board_modifier.py:96]: Getting SW29 footprint position: (42862500, 80962500)
[board_modifier.py:63]: Searching for ST29 footprint in /mnt/Files/Projects/Desk-Setup/Keyboard/Keyboard.kicad_pcb
[board_modifier.py:66]: Footprint not found
[board_modifier.py:96]: Getting SW28 footprint position: (333375000, 61912500)
[board_modifier.py:63]: Searching for ST28 footprint in /mnt/Files/Projects/Desk-Setup/Keyboard/Keyboard.kicad_pcb
[board_modifier.py:66]: Footprint not found
[board_modifier.py:96]: Getting SW27 footprint position: (295275000, 61912500)
[board_modifier.py:63]: Searching for ST27 footprint in /mnt/Files/Projects/Desk-Setup/Keyboard/Keyboard.kicad_pcb
[board_modifier.py:66]: Footprint not found
[board_modifier.py:96]: Getting SW26 footprint position: (266700000, 61912500)
[board_modifier.py:63]: Searching for ST26 footprint in /mnt/Files/Projects/Desk-Setup/Keyboard/Keyboard.kicad_pcb
[board_modifier.py:66]: Footprint not found
[board_modifier.py:96]: Getting SW25 footprint position: (247650000, 61912500)
[board_modifier.py:63]: Searching for ST25 footprint in /mnt/Files/Projects/Desk-Setup/Keyboard/Keyboard.kicad_pcb
[board_modifier.py:66]: Footprint not found
[board_modifier.py:96]: Getting SW24 footprint position: (228600000, 61912500)
[board_modifier.py:63]: Searching for ST24 footprint in /mnt/Files/Projects/Desk-Setup/Keyboard/Keyboard.kicad_pcb
[board_modifier.py:66]: Footprint not found
[board_modifier.py:96]: Getting SW23 footprint position: (209550000, 61912500)
[board_modifier.py:63]: Searching for ST23 footprint in /mnt/Files/Projects/Desk-Setup/Keyboard/Keyboard.kicad_pcb
[board_modifier.py:66]: Footprint not found
[board_modifier.py:96]: Getting SW22 footprint position: (190500000, 61912500)
[board_modifier.py:63]: Searching for ST22 footprint in /mnt/Files/Projects/Desk-Setup/Keyboard/Keyboard.kicad_pcb
[board_modifier.py:66]: Footprint not found
[board_modifier.py:96]: Getting SW21 footprint position: (171450000, 61912500)
[board_modifier.py:63]: Searching for ST21 footprint in /mnt/Files/Projects/Desk-Setup/Keyboard/Keyboard.kicad_pcb
[board_modifier.py:66]: Footprint not found
[board_modifier.py:96]: Getting SW20 footprint position: (152400000, 61912500)
[board_modifier.py:63]: Searching for ST20 footprint in /mnt/Files/Projects/Desk-Setup/Keyboard/Keyboard.kicad_pcb
[board_modifier.py:66]: Footprint not found
[board_modifier.py:96]: Getting SW19 footprint position: (133350000, 61912500)
[board_modifier.py:63]: Searching for ST19 footprint in /mnt/Files/Projects/Desk-Setup/Keyboard/Keyboard.kicad_pcb
[board_modifier.py:66]: Footprint not found
[board_modifier.py:96]: Getting SW18 footprint position: (114300000, 61912500)
[board_modifier.py:63]: Searching for ST18 footprint in /mnt/Files/Projects/Desk-Setup/Keyboard/Keyboard.kicad_pcb
[board_modifier.py:66]: Footprint not found
[board_modifier.py:96]: Getting SW17 footprint position: (95250000, 61912500)
[board_modifier.py:63]: Searching for ST17 footprint in /mnt/Files/Projects/Desk-Setup/Keyboard/Keyboard.kicad_pcb
[board_modifier.py:66]: Footprint not found
[board_modifier.py:96]: Getting SW16 footprint position: (76200000, 61912500)
[board_modifier.py:63]: Searching for ST16 footprint in /mnt/Files/Projects/Desk-Setup/Keyboard/Keyboard.kicad_pcb
[board_modifier.py:66]: Footprint not found
[board_modifier.py:96]: Getting SW15 footprint position: (57150000, 61912500)
[board_modifier.py:63]: Searching for ST15 footprint in /mnt/Files/Projects/Desk-Setup/Keyboard/Keyboard.kicad_pcb
[board_modifier.py:66]: Footprint not found
[board_modifier.py:96]: Getting SW14 footprint position: (38100000, 61912500)
[board_modifier.py:63]: Searching for ST14 footprint in /mnt/Files/Projects/Desk-Setup/Keyboard/Keyboard.kicad_pcb
[board_modifier.py:66]: Footprint not found
[board_modifier.py:96]: Getting SW13 footprint position: (304800000, 38100000)
[board_modifier.py:63]: Searching for ST13 footprint in /mnt/Files/Projects/Desk-Setup/Keyboard/Keyboard.kicad_pcb
[board_modifier.py:66]: Footprint not found
[board_modifier.py:96]: Getting SW12 footprint position: (285750000, 38100000)
[board_modifier.py:63]: Searching for ST12 footprint in /mnt/Files/Projects/Desk-Setup/Keyboard/Keyboard.kicad_pcb
[board_modifier.py:66]: Footprint not found
[board_modifier.py:96]: Getting SW11 footprint position: (266700000, 38100000)
[board_modifier.py:63]: Searching for ST11 footprint in /mnt/Files/Projects/Desk-Setup/Keyboard/Keyboard.kicad_pcb
[board_modifier.py:66]: Footprint not found
[board_modifier.py:96]: Getting SW10 footprint position: (247650000, 38100000)
[board_modifier.py:63]: Searching for ST10 footprint in /mnt/Files/Projects/Desk-Setup/Keyboard/Keyboard.kicad_pcb
[board_modifier.py:66]: Footprint not found
[board_modifier.py:96]: Getting SW9 footprint position: (219075000, 38100000)
[board_modifier.py:63]: Searching for ST9 footprint in /mnt/Files/Projects/Desk-Setup/Keyboard/Keyboard.kicad_pcb
[board_modifier.py:66]: Footprint not found
[board_modifier.py:96]: Getting SW8 footprint position: (200025000, 38100000)
[board_modifier.py:63]: Searching for ST8 footprint in /mnt/Files/Projects/Desk-Setup/Keyboard/Keyboard.kicad_pcb
[board_modifier.py:66]: Footprint not found
[board_modifier.py:96]: Getting SW7 footprint position: (180975000, 38100000)
[board_modifier.py:63]: Searching for ST7 footprint in /mnt/Files/Projects/Desk-Setup/Keyboard/Keyboard.kicad_pcb
[board_modifier.py:66]: Footprint not found
[board_modifier.py:96]: Getting SW6 footprint position: (161925000, 38100000)
[board_modifier.py:63]: Searching for ST6 footprint in /mnt/Files/Projects/Desk-Setup/Keyboard/Keyboard.kicad_pcb
[board_modifier.py:66]: Footprint not found
[board_modifier.py:96]: Getting SW5 footprint position: (133350000, 38100000)
[board_modifier.py:63]: Searching for ST5 footprint in /mnt/Files/Projects/Desk-Setup/Keyboard/Keyboard.kicad_pcb
[board_modifier.py:66]: Footprint not found
[board_modifier.py:96]: Getting SW4 footprint position: (114300000, 38100000)
[board_modifier.py:63]: Searching for ST4 footprint in /mnt/Files/Projects/Desk-Setup/Keyboard/Keyboard.kicad_pcb
[board_modifier.py:66]: Footprint not found
[board_modifier.py:96]: Getting SW3 footprint position: (95250000, 38100000)
[board_modifier.py:63]: Searching for ST3 footprint in /mnt/Files/Projects/Desk-Setup/Keyboard/Keyboard.kicad_pcb
[board_modifier.py:66]: Footprint not found
[board_modifier.py:96]: Getting SW2 footprint position: (76200000, 38100000)
[board_modifier.py:63]: Searching for ST2 footprint in /mnt/Files/Projects/Desk-Setup/Keyboard/Keyboard.kicad_pcb
[board_modifier.py:66]: Footprint not found
[board_modifier.py:96]: Getting SW1 footprint position: (38100000, 38100000)
[board_modifier.py:63]: Searching for ST1 footprint in /mnt/Files/Projects/Desk-Setup/Keyboard/Keyboard.kicad_pcb
[board_modifier.py:66]: Footprint not found
[key_placer.py:361]: Routing SW80 with D80
[key_placer.py:363]: Using internal autorouter method
[board_modifier.py:433]: Routing at B.Cu layer
[board_modifier.py:499]: Routing pad 'SW80:1' at (326290000, 135572500) with pad 'D80:2' at (328645000, 143112500) using coordinate system rotated by 0 degree(s)
[board_modifier.py:362]: Adding track segment (B.Cu): [(326290000, 135572500), (326290000, 140757500)]
[board_modifier.py:367]: Track added
[board_modifier.py:362]: Adding track segment (B.Cu): [(326290000, 140757500), (328645000, 143112500)]
[board_modifier.py:367]: Track added
[key_placer.py:361]: Routing SW79 with D79
[key_placer.py:363]: Using internal autorouter method
[board_modifier.py:433]: Routing at B.Cu layer
[board_modifier.py:499]: Routing pad 'SW79:1' at (307240000, 135572500) with pad 'D79:2' at (309595000, 143112500) using coordinate system rotated by 0 degree(s)
[board_modifier.py:362]: Adding track segment (B.Cu): [(307240000, 135572500), (307240000, 140757500)]
[board_modifier.py:367]: Track added
[board_modifier.py:362]: Adding track segment (B.Cu): [(307240000, 140757500), (309595000, 143112500)]
[board_modifier.py:367]: Track added
[key_placer.py:361]: Routing SW78 with D78
[key_placer.py:363]: Using internal autorouter method
[board_modifier.py:433]: Routing at B.Cu layer
[board_modifier.py:499]: Routing pad 'SW78:1' at (288190000, 135572500) with pad 'D78:2' at (290545000, 143112500) using coordinate system rotated by 0 degree(s)
[board_modifier.py:362]: Adding track segment (B.Cu): [(288190000, 135572500), (288190000, 140757500)]
[board_modifier.py:367]: Track added
[board_modifier.py:362]: Adding track segment (B.Cu): [(288190000, 140757500), (290545000, 143112500)]
[board_modifier.py:367]: Track added
[key_placer.py:361]: Routing SW77 with D77
[key_placer.py:363]: Using internal autorouter method
[board_modifier.py:433]: Routing at B.Cu layer
[board_modifier.py:499]: Routing pad 'SW77:1' at (266758750, 135572500) with pad 'D77:2' at (269113750, 143112500) using coordinate system rotated by 0 degree(s)
[board_modifier.py:362]: Adding track segment (B.Cu): [(266758750, 135572500), (266758750, 140757500)]
[board_modifier.py:367]: Track added
[board_modifier.py:362]: Adding track segment (B.Cu): [(266758750, 140757500), (269113750, 143112500)]
[board_modifier.py:367]: Track added
[key_placer.py:361]: Routing SW76 with D76
[key_placer.py:363]: Using internal autorouter method
[board_modifier.py:433]: Routing at B.Cu layer
[board_modifier.py:499]: Routing pad 'SW76:1' at (242946250, 135572500) with pad 'D76:2' at (245301250, 143112500) using coordinate system rotated by 0 degree(s)
[board_modifier.py:362]: Adding track segment (B.Cu): [(242946250, 135572500), (242946250, 140757500)]
[board_modifier.py:367]: Track added
[board_modifier.py:362]: Adding track segment (B.Cu): [(242946250, 140757500), (245301250, 143112500)]
[board_modifier.py:367]: Track added
[key_placer.py:361]: Routing SW75 with D75
[key_placer.py:363]: Using internal autorouter method
[board_modifier.py:433]: Routing at B.Cu layer
[board_modifier.py:499]: Routing pad 'SW75:1' at (219133750, 135572500) with pad 'D75:2' at (221488750, 143112500) using coordinate system rotated by 0 degree(s)
[board_modifier.py:362]: Adding track segment (B.Cu): [(219133750, 135572500), (219133750, 140757500)]
[board_modifier.py:367]: Track added
[board_modifier.py:362]: Adding track segment (B.Cu): [(219133750, 140757500), (221488750, 143112500)]
[board_modifier.py:367]: Track added
[key_placer.py:361]: Routing SW74 with D74
[key_placer.py:363]: Using internal autorouter method
[board_modifier.py:433]: Routing at B.Cu layer
[board_modifier.py:499]: Routing pad 'SW74:1' at (147696250, 135572500) with pad 'D74:2' at (150051250, 143112500) using coordinate system rotated by 0 degree(s)
[board_modifier.py:362]: Adding track segment (B.Cu): [(147696250, 135572500), (147696250, 140757500)]
[board_modifier.py:367]: Track added
[board_modifier.py:362]: Adding track segment (B.Cu): [(147696250, 140757500), (150051250, 143112500)]
[board_modifier.py:367]: Track added
[key_placer.py:361]: Routing SW73 with D73
[key_placer.py:363]: Using internal autorouter method
[board_modifier.py:433]: Routing at B.Cu layer
[board_modifier.py:499]: Routing pad 'SW73:1' at (76258750, 135572500) with pad 'D73:2' at (78613750, 143112500) using coordinate system rotated by 0 degree(s)
[board_modifier.py:362]: Adding track segment (B.Cu): [(76258750, 135572500), (76258750, 140757500)]
[board_modifier.py:367]: Track added
[board_modifier.py:362]: Adding track segment (B.Cu): [(76258750, 140757500), (78613750, 143112500)]
[board_modifier.py:367]: Track added
[key_placer.py:361]: Routing SW72 with D72
[key_placer.py:363]: Using internal autorouter method
[board_modifier.py:433]: Routing at B.Cu layer
[board_modifier.py:499]: Routing pad 'SW72:1' at (54827500, 135572500) with pad 'D72:2' at (57182500, 143112500) using coordinate system rotated by 0 degree(s)
[board_modifier.py:362]: Adding track segment (B.Cu): [(54827500, 135572500), (54827500, 140757500)]
[board_modifier.py:367]: Track added
[board_modifier.py:362]: Adding track segment (B.Cu): [(54827500, 140757500), (57182500, 143112500)]
[board_modifier.py:367]: Track added
[key_placer.py:361]: Routing SW71 with D71
[key_placer.py:363]: Using internal autorouter method
[board_modifier.py:433]: Routing at B.Cu layer
[board_modifier.py:499]: Routing pad 'SW71:1' at (33396250, 135572500) with pad 'D71:2' at (35751250, 143112500) using coordinate system rotated by 0 degree(s)
[board_modifier.py:362]: Adding track segment (B.Cu): [(33396250, 135572500), (33396250, 140757500)]
[board_modifier.py:367]: Track added
[board_modifier.py:362]: Adding track segment (B.Cu): [(33396250, 140757500), (35751250, 143112500)]
[board_modifier.py:367]: Track added
[key_placer.py:361]: Routing SW70 with D70
[key_placer.py:363]: Using internal autorouter method
[board_modifier.py:433]: Routing at B.Cu layer
[board_modifier.py:499]: Routing pad 'SW70:1' at (307240000, 116522500) with pad 'D70:2' at (309595000, 124062500) using coordinate system rotated by 0 degree(s)
[board_modifier.py:362]: Adding track segment (B.Cu): [(307240000, 116522500), (307240000, 121707500)]
[board_modifier.py:367]: Track added
[board_modifier.py:362]: Adding track segment (B.Cu): [(307240000, 121707500), (309595000, 124062500)]
[board_modifier.py:367]: Track added
[key_placer.py:361]: Routing SW69 with D69
[key_placer.py:363]: Using internal autorouter method
[board_modifier.py:433]: Routing at B.Cu layer
[board_modifier.py:499]: Routing pad 'SW69:1' at (276283750, 116522500) with pad 'D69:2' at (278638750, 124062500) using coordinate system rotated by 0 degree(s)
[board_modifier.py:362]: Adding track segment (B.Cu): [(276283750, 116522500), (276283750, 121707500)]
[board_modifier.py:367]: Track added
[board_modifier.py:362]: Adding track segment (B.Cu): [(276283750, 121707500), (278638750, 124062500)]
[board_modifier.py:367]: Track added
[key_placer.py:361]: Routing SW68 with D68
[key_placer.py:363]: Using internal autorouter method
[board_modifier.py:433]: Routing at B.Cu layer
[board_modifier.py:499]: Routing pad 'SW68:1' at (245327500, 116522500) with pad 'D68:2' at (247682500, 124062500) using coordinate system rotated by 0 degree(s)
[board_modifier.py:362]: Adding track segment (B.Cu): [(245327500, 116522500), (245327500, 121707500)]
[board_modifier.py:367]: Track added
[board_modifier.py:362]: Adding track segment (B.Cu): [(245327500, 121707500), (247682500, 124062500)]
[board_modifier.py:367]: Track added
[key_placer.py:361]: Routing SW67 with D67
[key_placer.py:363]: Using internal autorouter method
[board_modifier.py:433]: Routing at B.Cu layer
[board_modifier.py:499]: Routing pad 'SW67:1' at (226277500, 116522500) with pad 'D67:2' at (228632500, 124062500) using coordinate system rotated by 0 degree(s)
[board_modifier.py:362]: Adding track segment (B.Cu): [(226277500, 116522500), (226277500, 121707500)]
[board_modifier.py:367]: Track added
[board_modifier.py:362]: Adding track segment (B.Cu): [(226277500, 121707500), (228632500, 124062500)]
[board_modifier.py:367]: Track added
[key_placer.py:361]: Routing SW66 with D66
[key_placer.py:363]: Using internal autorouter method
[board_modifier.py:433]: Routing at B.Cu layer
[board_modifier.py:499]: Routing pad 'SW66:1' at (207227500, 116522500) with pad 'D66:2' at (209582500, 124062500) using coordinate system rotated by 0 degree(s)
[board_modifier.py:362]: Adding track segment (B.Cu): [(207227500, 116522500), (207227500, 121707500)]
[board_modifier.py:367]: Track added
[board_modifier.py:362]: Adding track segment (B.Cu): [(207227500, 121707500), (209582500, 124062500)]
[board_modifier.py:367]: Track added
[key_placer.py:361]: Routing SW65 with D65
[key_placer.py:363]: Using internal autorouter method
[board_modifier.py:433]: Routing at B.Cu layer
[board_modifier.py:499]: Routing pad 'SW65:1' at (188177500, 116522500) with pad 'D65:2' at (190532500, 124062500) using coordinate system rotated by 0 degree(s)
[board_modifier.py:362]: Adding track segment (B.Cu): [(188177500, 116522500), (188177500, 121707500)]
[board_modifier.py:367]: Track added
[board_modifier.py:362]: Adding track segment (B.Cu): [(188177500, 121707500), (190532500, 124062500)]
[board_modifier.py:367]: Track added
[key_placer.py:361]: Routing SW64 with D64
[key_placer.py:363]: Using internal autorouter method
[board_modifier.py:433]: Routing at B.Cu layer
[board_modifier.py:499]: Routing pad 'SW64:1' at (169127500, 116522500) with pad 'D64:2' at (171482500, 124062500) using coordinate system rotated by 0 degree(s)
[board_modifier.py:362]: Adding track segment (B.Cu): [(169127500, 116522500), (169127500, 121707500)]
[board_modifier.py:367]: Track added
[board_modifier.py:362]: Adding track segment (B.Cu): [(169127500, 121707500), (171482500, 124062500)]
[board_modifier.py:367]: Track added
[key_placer.py:361]: Routing SW63 with D63
[key_placer.py:363]: Using internal autorouter method
[board_modifier.py:433]: Routing at B.Cu layer
[board_modifier.py:499]: Routing pad 'SW63:1' at (150077500, 116522500) with pad 'D63:2' at (152432500, 124062500) using coordinate system rotated by 0 degree(s)
[board_modifier.py:362]: Adding track segment (B.Cu): [(150077500, 116522500), (150077500, 121707500)]
[board_modifier.py:367]: Track added
[board_modifier.py:362]: Adding track segment (B.Cu): [(150077500, 121707500), (152432500, 124062500)]
[board_modifier.py:367]: Track added
[key_placer.py:361]: Routing SW62 with D62
[key_placer.py:363]: Using internal autorouter method
[board_modifier.py:433]: Routing at B.Cu layer
[board_modifier.py:499]: Routing pad 'SW62:1' at (131027500, 116522500) with pad 'D62:2' at (133382500, 124062500) using coordinate system rotated by 0 degree(s)
[board_modifier.py:362]: Adding track segment (B.Cu): [(131027500, 116522500), (131027500, 121707500)]
[board_modifier.py:367]: Track added
[board_modifier.py:362]: Adding track segment (B.Cu): [(131027500, 121707500), (133382500, 124062500)]
[board_modifier.py:367]: Track added
[key_placer.py:361]: Routing SW61 with D61
[key_placer.py:363]: Using internal autorouter method
[board_modifier.py:433]: Routing at B.Cu layer
[board_modifier.py:499]: Routing pad 'SW61:1' at (111977500, 116522500) with pad 'D61:2' at (114332500, 124062500) using coordinate system rotated by 0 degree(s)
[board_modifier.py:362]: Adding track segment (B.Cu): [(111977500, 116522500), (111977500, 121707500)]
[board_modifier.py:367]: Track added
[board_modifier.py:362]: Adding track segment (B.Cu): [(111977500, 121707500), (114332500, 124062500)]
[board_modifier.py:367]: Track added
[key_placer.py:361]: Routing SW60 with D60
[key_placer.py:363]: Using internal autorouter method
[board_modifier.py:433]: Routing at B.Cu layer
[board_modifier.py:499]: Routing pad 'SW60:1' at (92927500, 116522500) with pad 'D60:2' at (95282500, 124062500) using coordinate system rotated by 0 degree(s)
[board_modifier.py:362]: Adding track segment (B.Cu): [(92927500, 116522500), (92927500, 121707500)]
[board_modifier.py:367]: Track added
[board_modifier.py:362]: Adding track segment (B.Cu): [(92927500, 121707500), (95282500, 124062500)]
[board_modifier.py:367]: Track added
[key_placer.py:361]: Routing SW59 with D59
[key_placer.py:363]: Using internal autorouter method
[board_modifier.py:433]: Routing at B.Cu layer
[board_modifier.py:499]: Routing pad 'SW59:1' at (73877500, 116522500) with pad 'D59:2' at (76232500, 124062500) using coordinate system rotated by 0 degree(s)
[board_modifier.py:362]: Adding track segment (B.Cu): [(73877500, 116522500), (73877500, 121707500)]
[board_modifier.py:367]: Track added
[board_modifier.py:362]: Adding track segment (B.Cu): [(73877500, 121707500), (76232500, 124062500)]
[board_modifier.py:367]: Track added
[key_placer.py:361]: Routing SW58 with D58
[key_placer.py:363]: Using internal autorouter method
[board_modifier.py:433]: Routing at B.Cu layer
[board_modifier.py:499]: Routing pad 'SW58:1' at (54827500, 116522500) with pad 'D58:2' at (57182500, 124062500) using coordinate system rotated by 0 degree(s)
[board_modifier.py:362]: Adding track segment (B.Cu): [(54827500, 116522500), (54827500, 121707500)]
[board_modifier.py:367]: Track added
[board_modifier.py:362]: Adding track segment (B.Cu): [(54827500, 121707500), (57182500, 124062500)]
[board_modifier.py:367]: Track added
[key_placer.py:361]: Routing SW57 with D57
[key_placer.py:363]: Using internal autorouter method
[board_modifier.py:433]: Routing at B.Cu layer
[board_modifier.py:499]: Routing pad 'SW57:1' at (33396250, 116522500) with pad 'D57:2' at (35751250, 124062500) using coordinate system rotated by 0 degree(s)
[board_modifier.py:362]: Adding track segment (B.Cu): [(33396250, 116522500), (33396250, 121707500)]
[board_modifier.py:367]: Track added
[board_modifier.py:362]: Adding track segment (B.Cu): [(33396250, 121707500), (35751250, 124062500)]
[board_modifier.py:367]: Track added
[key_placer.py:361]: Routing SW56 with D56
[key_placer.py:363]: Using internal autorouter method
[board_modifier.py:433]: Routing at B.Cu layer
[board_modifier.py:499]: Routing pad 'SW56:1' at (273902500, 97472500) with pad 'D56:2' at (276257500, 105012500) using coordinate system rotated by 0 degree(s)
[board_modifier.py:362]: Adding track segment (B.Cu): [(273902500, 97472500), (273902500, 102657500)]
[board_modifier.py:367]: Track added
[board_modifier.py:362]: Adding track segment (B.Cu): [(273902500, 102657500), (276257500, 105012500)]
[board_modifier.py:367]: Track added
[key_placer.py:361]: Routing SW55 with D55
[key_placer.py:363]: Using internal autorouter method
[board_modifier.py:433]: Routing at B.Cu layer
[board_modifier.py:499]: Routing pad 'SW55:1' at (254852500, 97472500) with pad 'D55:2' at (257207500, 105012500) using coordinate system rotated by 0 degree(s)
[board_modifier.py:362]: Adding track segment (B.Cu): [(254852500, 97472500), (254852500, 102657500)]
[board_modifier.py:367]: Track added
[board_modifier.py:362]: Adding track segment (B.Cu): [(254852500, 102657500), (257207500, 105012500)]
[board_modifier.py:367]: Track added
[key_placer.py:361]: Routing SW54 with D54
[key_placer.py:363]: Using internal autorouter method
[board_modifier.py:433]: Routing at B.Cu layer
[board_modifier.py:499]: Routing pad 'SW54:1' at (235802500, 97472500) with pad 'D54:2' at (238157500, 105012500) using coordinate system rotated by 0 degree(s)
[board_modifier.py:362]: Adding track segment (B.Cu): [(235802500, 97472500), (235802500, 102657500)]
[board_modifier.py:367]: Track added
[board_modifier.py:362]: Adding track segment (B.Cu): [(235802500, 102657500), (238157500, 105012500)]
[board_modifier.py:367]: Track added
[key_placer.py:361]: Routing SW53 with D53
[key_placer.py:363]: Using internal autorouter method
[board_modifier.py:433]: Routing at B.Cu layer
[board_modifier.py:499]: Routing pad 'SW53:1' at (216752500, 97472500) with pad 'D53:2' at (219107500, 105012500) using coordinate system rotated by 0 degree(s)
[board_modifier.py:362]: Adding track segment (B.Cu): [(216752500, 97472500), (216752500, 102657500)]
[board_modifier.py:367]: Track added
[board_modifier.py:362]: Adding track segment (B.Cu): [(216752500, 102657500), (219107500, 105012500)]
[board_modifier.py:367]: Track added
[key_placer.py:361]: Routing SW52 with D52
[key_placer.py:363]: Using internal autorouter method
[board_modifier.py:433]: Routing at B.Cu layer
[board_modifier.py:499]: Routing pad 'SW52:1' at (197702500, 97472500) with pad 'D52:2' at (200057500, 105012500) using coordinate system rotated by 0 degree(s)
[board_modifier.py:362]: Adding track segment (B.Cu): [(197702500, 97472500), (197702500, 102657500)]
[board_modifier.py:367]: Track added
[board_modifier.py:362]: Adding track segment (B.Cu): [(197702500, 102657500), (200057500, 105012500)]
[board_modifier.py:367]: Track added
[key_placer.py:361]: Routing SW51 with D51
[key_placer.py:363]: Using internal autorouter method
[board_modifier.py:433]: Routing at B.Cu layer
[board_modifier.py:499]: Routing pad 'SW51:1' at (178652500, 97472500) with pad 'D51:2' at (181007500, 105012500) using coordinate system rotated by 0 degree(s)
[board_modifier.py:362]: Adding track segment (B.Cu): [(178652500, 97472500), (178652500, 102657500)]
[board_modifier.py:367]: Track added
[board_modifier.py:362]: Adding track segment (B.Cu): [(178652500, 102657500), (181007500, 105012500)]
[board_modifier.py:367]: Track added
[key_placer.py:361]: Routing SW50 with D50
[key_placer.py:363]: Using internal autorouter method
[board_modifier.py:433]: Routing at B.Cu layer
[board_modifier.py:499]: Routing pad 'SW50:1' at (159602500, 97472500) with pad 'D50:2' at (161957500, 105012500) using coordinate system rotated by 0 degree(s)
[board_modifier.py:362]: Adding track segment (B.Cu): [(159602500, 97472500), (159602500, 102657500)]
[board_modifier.py:367]: Track added
[board_modifier.py:362]: Adding track segment (B.Cu): [(159602500, 102657500), (161957500, 105012500)]
[board_modifier.py:367]: Track added
[key_placer.py:361]: Routing SW49 with D49
[key_placer.py:363]: Using internal autorouter method
[board_modifier.py:433]: Routing at B.Cu layer
[board_modifier.py:499]: Routing pad 'SW49:1' at (140552500, 97472500) with pad 'D49:2' at (142907500, 105012500) using coordinate system rotated by 0 degree(s)
[board_modifier.py:362]: Adding track segment (B.Cu): [(140552500, 97472500), (140552500, 102657500)]
[board_modifier.py:367]: Track added
[board_modifier.py:362]: Adding track segment (B.Cu): [(140552500, 102657500), (142907500, 105012500)]
[board_modifier.py:367]: Track added
[key_placer.py:361]: Routing SW48 with D48
[key_placer.py:363]: Using internal autorouter method
[board_modifier.py:433]: Routing at B.Cu layer
[board_modifier.py:499]: Routing pad 'SW48:1' at (121502500, 97472500) with pad 'D48:2' at (123857500, 105012500) using coordinate system rotated by 0 degree(s)
[board_modifier.py:362]: Adding track segment (B.Cu): [(121502500, 97472500), (121502500, 102657500)]
[board_modifier.py:367]: Track added
[board_modifier.py:362]: Adding track segment (B.Cu): [(121502500, 102657500), (123857500, 105012500)]
[board_modifier.py:367]: Track added
[key_placer.py:361]: Routing SW47 with D47
[key_placer.py:363]: Using internal autorouter method
[board_modifier.py:433]: Routing at B.Cu layer
[board_modifier.py:499]: Routing pad 'SW47:1' at (102452500, 97472500) with pad 'D47:2' at (104807500, 105012500) using coordinate system rotated by 0 degree(s)
[board_modifier.py:362]: Adding track segment (B.Cu): [(102452500, 97472500), (102452500, 102657500)]
[board_modifier.py:367]: Track added
[board_modifier.py:362]: Adding track segment (B.Cu): [(102452500, 102657500), (104807500, 105012500)]
[board_modifier.py:367]: Track added
[key_placer.py:361]: Routing SW46 with D46
[key_placer.py:363]: Using internal autorouter method
[board_modifier.py:433]: Routing at B.Cu layer
[board_modifier.py:499]: Routing pad 'SW46:1' at (83402500, 97472500) with pad 'D46:2' at (85757500, 105012500) using coordinate system rotated by 0 degree(s)
[board_modifier.py:362]: Adding track segment (B.Cu): [(83402500, 97472500), (83402500, 102657500)]
[board_modifier.py:367]: Track added
[board_modifier.py:362]: Adding track segment (B.Cu): [(83402500, 102657500), (85757500, 105012500)]
[board_modifier.py:367]: Track added
[key_placer.py:361]: Routing SW45 with D45
[key_placer.py:363]: Using internal autorouter method
[board_modifier.py:433]: Routing at B.Cu layer
[board_modifier.py:499]: Routing pad 'SW45:1' at (64352500, 97472500) with pad 'D45:2' at (66707500, 105012500) using coordinate system rotated by 0 degree(s)
[board_modifier.py:362]: Adding track segment (B.Cu): [(64352500, 97472500), (64352500, 102657500)]
[board_modifier.py:367]: Track added
[board_modifier.py:362]: Adding track segment (B.Cu): [(64352500, 102657500), (66707500, 105012500)]
[board_modifier.py:367]: Track added
[key_placer.py:361]: Routing SW44 with D44
[key_placer.py:363]: Using internal autorouter method
[board_modifier.py:433]: Routing at B.Cu layer
[board_modifier.py:499]: Routing pad 'SW44:1' at (38158750, 97472500) with pad 'D44:2' at (40513750, 105012500) using coordinate system rotated by 0 degree(s)
[board_modifier.py:362]: Adding track segment (B.Cu): [(38158750, 97472500), (38158750, 102657500)]
[board_modifier.py:367]: Track added
[board_modifier.py:362]: Adding track segment (B.Cu): [(38158750, 102657500), (40513750, 105012500)]
[board_modifier.py:367]: Track added
[key_placer.py:361]: Routing SW43 with D43
[key_placer.py:363]: Using internal autorouter method
[board_modifier.py:433]: Routing at B.Cu layer
[board_modifier.py:499]: Routing pad 'SW43:1' at (326290000, 78422500) with pad 'D43:2' at (328645000, 85962500) using coordinate system rotated by 0 degree(s)
[board_modifier.py:362]: Adding track segment (B.Cu): [(326290000, 78422500), (326290000, 83607500)]
[board_modifier.py:367]: Track added
[board_modifier.py:362]: Adding track segment (B.Cu): [(326290000, 83607500), (328645000, 85962500)]
[board_modifier.py:367]: Track added
[key_placer.py:361]: Routing SW42 with D42
[key_placer.py:363]: Using internal autorouter method
[board_modifier.py:433]: Routing at B.Cu layer
[board_modifier.py:499]: Routing pad 'SW42:1' at (295333750, 87947500) with pad 'D42:2' at (297688750, 95487500) using coordinate system rotated by 0 degree(s)
[board_modifier.py:362]: Adding track segment (B.Cu): [(295333750, 87947500), (295333750, 93132500)]
[board_modifier.py:367]: Track added
[board_modifier.py:362]: Adding track segment (B.Cu): [(295333750, 93132500), (297688750, 95487500)]
[board_modifier.py:367]: Track added
[key_placer.py:361]: Routing SW41 with D41
[key_placer.py:363]: Using internal autorouter method
[board_modifier.py:433]: Routing at B.Cu layer
[board_modifier.py:499]: Routing pad 'SW41:1' at (269140000, 78422500) with pad 'D41:2' at (271495000, 85962500) using coordinate system rotated by 0 degree(s)
[board_modifier.py:362]: Adding track segment (B.Cu): [(269140000, 78422500), (269140000, 83607500)]
[board_modifier.py:367]: Track added
[board_modifier.py:362]: Adding track segment (B.Cu): [(269140000, 83607500), (271495000, 85962500)]
[board_modifier.py:367]: Track added
[key_placer.py:361]: Routing SW40 with D40
[key_placer.py:363]: Using internal autorouter method
[board_modifier.py:433]: Routing at B.Cu layer
[board_modifier.py:499]: Routing pad 'SW40:1' at (250090000, 78422500) with pad 'D40:2' at (252445000, 85962500) using coordinate system rotated by 0 degree(s)
[board_modifier.py:362]: Adding track segment (B.Cu): [(250090000, 78422500), (250090000, 83607500)]
[board_modifier.py:367]: Track added
[board_modifier.py:362]: Adding track segment (B.Cu): [(250090000, 83607500), (252445000, 85962500)]
[board_modifier.py:367]: Track added
[key_placer.py:361]: Routing SW39 with D39
[key_placer.py:363]: Using internal autorouter method
[board_modifier.py:433]: Routing at B.Cu layer
[board_modifier.py:499]: Routing pad 'SW39:1' at (231040000, 78422500) with pad 'D39:2' at (233395000, 85962500) using coordinate system rotated by 0 degree(s)
[board_modifier.py:362]: Adding track segment (B.Cu): [(231040000, 78422500), (231040000, 83607500)]
[board_modifier.py:367]: Track added
[board_modifier.py:362]: Adding track segment (B.Cu): [(231040000, 83607500), (233395000, 85962500)]
[board_modifier.py:367]: Track added
[key_placer.py:361]: Routing SW38 with D38
[key_placer.py:363]: Using internal autorouter method
[board_modifier.py:433]: Routing at B.Cu layer
[board_modifier.py:499]: Routing pad 'SW38:1' at (211990000, 78422500) with pad 'D38:2' at (214345000, 85962500) using coordinate system rotated by 0 degree(s)
[board_modifier.py:362]: Adding track segment (B.Cu): [(211990000, 78422500), (211990000, 83607500)]
[board_modifier.py:367]: Track added
[board_modifier.py:362]: Adding track segment (B.Cu): [(211990000, 83607500), (214345000, 85962500)]
[board_modifier.py:367]: Track added
[key_placer.py:361]: Routing SW37 with D37
[key_placer.py:363]: Using internal autorouter method
[board_modifier.py:433]: Routing at B.Cu layer
[board_modifier.py:499]: Routing pad 'SW37:1' at (192940000, 78422500) with pad 'D37:2' at (195295000, 85962500) using coordinate system rotated by 0 degree(s)
[board_modifier.py:362]: Adding track segment (B.Cu): [(192940000, 78422500), (192940000, 83607500)]
[board_modifier.py:367]: Track added
[board_modifier.py:362]: Adding track segment (B.Cu): [(192940000, 83607500), (195295000, 85962500)]
[board_modifier.py:367]: Track added
[key_placer.py:361]: Routing SW36 with D36
[key_placer.py:363]: Using internal autorouter method
[board_modifier.py:433]: Routing at B.Cu layer
[board_modifier.py:499]: Routing pad 'SW36:1' at (173890000, 78422500) with pad 'D36:2' at (176245000, 85962500) using coordinate system rotated by 0 degree(s)
[board_modifier.py:362]: Adding track segment (B.Cu): [(173890000, 78422500), (173890000, 83607500)]
[board_modifier.py:367]: Track added
[board_modifier.py:362]: Adding track segment (B.Cu): [(173890000, 83607500), (176245000, 85962500)]
[board_modifier.py:367]: Track added
[key_placer.py:361]: Routing SW35 with D35
[key_placer.py:363]: Using internal autorouter method
[board_modifier.py:433]: Routing at B.Cu layer
[board_modifier.py:499]: Routing pad 'SW35:1' at (154840000, 78422500) with pad 'D35:2' at (157195000, 85962500) using coordinate system rotated by 0 degree(s)
[board_modifier.py:362]: Adding track segment (B.Cu): [(154840000, 78422500), (154840000, 83607500)]
[board_modifier.py:367]: Track added
[board_modifier.py:362]: Adding track segment (B.Cu): [(154840000, 83607500), (157195000, 85962500)]
[board_modifier.py:367]: Track added
[key_placer.py:361]: Routing SW34 with D34
[key_placer.py:363]: Using internal autorouter method
[board_modifier.py:433]: Routing at B.Cu layer
[board_modifier.py:499]: Routing pad 'SW34:1' at (135790000, 78422500) with pad 'D34:2' at (138145000, 85962500) using coordinate system rotated by 0 degree(s)
[board_modifier.py:362]: Adding track segment (B.Cu): [(135790000, 78422500), (135790000, 83607500)]
[board_modifier.py:367]: Track added
[board_modifier.py:362]: Adding track segment (B.Cu): [(135790000, 83607500), (138145000, 85962500)]
[board_modifier.py:367]: Track added
[key_placer.py:361]: Routing SW33 with D33
[key_placer.py:363]: Using internal autorouter method
[board_modifier.py:433]: Routing at B.Cu layer
[board_modifier.py:499]: Routing pad 'SW33:1' at (116740000, 78422500) with pad 'D33:2' at (119095000, 85962500) using coordinate system rotated by 0 degree(s)
[board_modifier.py:362]: Adding track segment (B.Cu): [(116740000, 78422500), (116740000, 83607500)]
[board_modifier.py:367]: Track added
[board_modifier.py:362]: Adding track segment (B.Cu): [(116740000, 83607500), (119095000, 85962500)]
[board_modifier.py:367]: Track added
[key_placer.py:361]: Routing SW32 with D32
[key_placer.py:363]: Using internal autorouter method
[board_modifier.py:433]: Routing at B.Cu layer
[board_modifier.py:499]: Routing pad 'SW32:1' at (97690000, 78422500) with pad 'D32:2' at (100045000, 85962500) using coordinate system rotated by 0 degree(s)
[board_modifier.py:362]: Adding track segment (B.Cu): [(97690000, 78422500), (97690000, 83607500)]
[board_modifier.py:367]: Track added
[board_modifier.py:362]: Adding track segment (B.Cu): [(97690000, 83607500), (100045000, 85962500)]
[board_modifier.py:367]: Track added
[key_placer.py:361]: Routing SW31 with D31
[key_placer.py:363]: Using internal autorouter method
[board_modifier.py:433]: Routing at B.Cu layer
[board_modifier.py:499]: Routing pad 'SW31:1' at (78640000, 78422500) with pad 'D31:2' at (80995000, 85962500) using coordinate system rotated by 0 degree(s)
[board_modifier.py:362]: Adding track segment (B.Cu): [(78640000, 78422500), (78640000, 83607500)]
[board_modifier.py:367]: Track added
[board_modifier.py:362]: Adding track segment (B.Cu): [(78640000, 83607500), (80995000, 85962500)]
[board_modifier.py:367]: Track added
[key_placer.py:361]: Routing SW30 with D30
[key_placer.py:363]: Using internal autorouter method
[board_modifier.py:433]: Routing at B.Cu layer
[board_modifier.py:499]: Routing pad 'SW30:1' at (59590000, 78422500) with pad 'D30:2' at (61945000, 85962500) using coordinate system rotated by 0 degree(s)
[board_modifier.py:362]: Adding track segment (B.Cu): [(59590000, 78422500), (59590000, 83607500)]
[board_modifier.py:367]: Track added
[board_modifier.py:362]: Adding track segment (B.Cu): [(59590000, 83607500), (61945000, 85962500)]
[board_modifier.py:367]: Track added
[key_placer.py:361]: Routing SW29 with D29
[key_placer.py:363]: Using internal autorouter method
[board_modifier.py:433]: Routing at B.Cu layer
[board_modifier.py:499]: Routing pad 'SW29:1' at (35777500, 78422500) with pad 'D29:2' at (38132500, 85962500) using coordinate system rotated by 0 degree(s)
[board_modifier.py:362]: Adding track segment (B.Cu): [(35777500, 78422500), (35777500, 83607500)]
[board_modifier.py:367]: Track added
[board_modifier.py:362]: Adding track segment (B.Cu): [(35777500, 83607500), (38132500, 85962500)]
[board_modifier.py:367]: Track added
[key_placer.py:361]: Routing SW28 with D28
[key_placer.py:363]: Using internal autorouter method
[board_modifier.py:433]: Routing at B.Cu layer
[board_modifier.py:499]: Routing pad 'SW28:1' at (326290000, 59372500) with pad 'D28:2' at (328645000, 66912500) using coordinate system rotated by 0 degree(s)
[board_modifier.py:362]: Adding track segment (B.Cu): [(326290000, 59372500), (326290000, 64557500)]
[board_modifier.py:367]: Track added
[board_modifier.py:362]: Adding track segment (B.Cu): [(326290000, 64557500), (328645000, 66912500)]
[board_modifier.py:367]: Track added
[key_placer.py:361]: Routing SW27 with D27
[key_placer.py:363]: Using internal autorouter method
[board_modifier.py:433]: Routing at B.Cu layer
[board_modifier.py:499]: Routing pad 'SW27:1' at (288190000, 59372500) with pad 'D27:2' at (290545000, 66912500) using coordinate system rotated by 0 degree(s)
[board_modifier.py:362]: Adding track segment (B.Cu): [(288190000, 59372500), (288190000, 64557500)]
[board_modifier.py:367]: Track added
[board_modifier.py:362]: Adding track segment (B.Cu): [(288190000, 64557500), (290545000, 66912500)]
[board_modifier.py:367]: Track added
[key_placer.py:361]: Routing SW26 with D26
[key_placer.py:363]: Using internal autorouter method
[board_modifier.py:433]: Routing at B.Cu layer
[board_modifier.py:499]: Routing pad 'SW26:1' at (259615000, 59372500) with pad 'D26:2' at (261970000, 66912500) using coordinate system rotated by 0 degree(s)
[board_modifier.py:362]: Adding track segment (B.Cu): [(259615000, 59372500), (259615000, 64557500)]
[board_modifier.py:367]: Track added
[board_modifier.py:362]: Adding track segment (B.Cu): [(259615000, 64557500), (261970000, 66912500)]
[board_modifier.py:367]: Track added
[key_placer.py:361]: Routing SW25 with D25
[key_placer.py:363]: Using internal autorouter method
[board_modifier.py:433]: Routing at B.Cu layer
[board_modifier.py:499]: Routing pad 'SW25:1' at (240565000, 59372500) with pad 'D25:2' at (242920000, 66912500) using coordinate system rotated by 0 degree(s)
[board_modifier.py:362]: Adding track segment (B.Cu): [(240565000, 59372500), (240565000, 64557500)]
[board_modifier.py:367]: Track added
[board_modifier.py:362]: Adding track segment (B.Cu): [(240565000, 64557500), (242920000, 66912500)]
[board_modifier.py:367]: Track added
[key_placer.py:361]: Routing SW24 with D24
[key_placer.py:363]: Using internal autorouter method
[board_modifier.py:433]: Routing at B.Cu layer
[board_modifier.py:499]: Routing pad 'SW24:1' at (221515000, 59372500) with pad 'D24:2' at (223870000, 66912500) using coordinate system rotated by 0 degree(s)
[board_modifier.py:362]: Adding track segment (B.Cu): [(221515000, 59372500), (221515000, 64557500)]
[board_modifier.py:367]: Track added
[board_modifier.py:362]: Adding track segment (B.Cu): [(221515000, 64557500), (223870000, 66912500)]
[board_modifier.py:367]: Track added
[key_placer.py:361]: Routing SW23 with D23
[key_placer.py:363]: Using internal autorouter method
[board_modifier.py:433]: Routing at B.Cu layer
[board_modifier.py:499]: Routing pad 'SW23:1' at (202465000, 59372500) with pad 'D23:2' at (204820000, 66912500) using coordinate system rotated by 0 degree(s)
[board_modifier.py:362]: Adding track segment (B.Cu): [(202465000, 59372500), (202465000, 64557500)]
[board_modifier.py:367]: Track added
[board_modifier.py:362]: Adding track segment (B.Cu): [(202465000, 64557500), (204820000, 66912500)]
[board_modifier.py:367]: Track added
[key_placer.py:361]: Routing SW22 with D22
[key_placer.py:363]: Using internal autorouter method
[board_modifier.py:433]: Routing at B.Cu layer
[board_modifier.py:499]: Routing pad 'SW22:1' at (183415000, 59372500) with pad 'D22:2' at (185770000, 66912500) using coordinate system rotated by 0 degree(s)
[board_modifier.py:362]: Adding track segment (B.Cu): [(183415000, 59372500), (183415000, 64557500)]
[board_modifier.py:367]: Track added
[board_modifier.py:362]: Adding track segment (B.Cu): [(183415000, 64557500), (185770000, 66912500)]
[board_modifier.py:367]: Track added
[key_placer.py:361]: Routing SW21 with D21
[key_placer.py:363]: Using internal autorouter method
[board_modifier.py:433]: Routing at B.Cu layer
[board_modifier.py:499]: Routing pad 'SW21:1' at (164365000, 59372500) with pad 'D21:2' at (166720000, 66912500) using coordinate system rotated by 0 degree(s)
[board_modifier.py:362]: Adding track segment (B.Cu): [(164365000, 59372500), (164365000, 64557500)]
[board_modifier.py:367]: Track added
[board_modifier.py:362]: Adding track segment (B.Cu): [(164365000, 64557500), (166720000, 66912500)]
[board_modifier.py:367]: Track added
[key_placer.py:361]: Routing SW20 with D20
[key_placer.py:363]: Using internal autorouter method
[board_modifier.py:433]: Routing at B.Cu layer
[board_modifier.py:499]: Routing pad 'SW20:1' at (145315000, 59372500) with pad 'D20:2' at (147670000, 66912500) using coordinate system rotated by 0 degree(s)
[board_modifier.py:362]: Adding track segment (B.Cu): [(145315000, 59372500), (145315000, 64557500)]
[board_modifier.py:367]: Track added
[board_modifier.py:362]: Adding track segment (B.Cu): [(145315000, 64557500), (147670000, 66912500)]
[board_modifier.py:367]: Track added
[key_placer.py:361]: Routing SW19 with D19
[key_placer.py:363]: Using internal autorouter method
[board_modifier.py:433]: Routing at B.Cu layer
[board_modifier.py:499]: Routing pad 'SW19:1' at (126265000, 59372500) with pad 'D19:2' at (128620000, 66912500) using coordinate system rotated by 0 degree(s)
[board_modifier.py:362]: Adding track segment (B.Cu): [(126265000, 59372500), (126265000, 64557500)]
[board_modifier.py:367]: Track added
[board_modifier.py:362]: Adding track segment (B.Cu): [(126265000, 64557500), (128620000, 66912500)]
[board_modifier.py:367]: Track added
[key_placer.py:361]: Routing SW18 with D18
[key_placer.py:363]: Using internal autorouter method
[board_modifier.py:433]: Routing at B.Cu layer
[board_modifier.py:499]: Routing pad 'SW18:1' at (107215000, 59372500) with pad 'D18:2' at (109570000, 66912500) using coordinate system rotated by 0 degree(s)
[board_modifier.py:362]: Adding track segment (B.Cu): [(107215000, 59372500), (107215000, 64557500)]
[board_modifier.py:367]: Track added
[board_modifier.py:362]: Adding track segment (B.Cu): [(107215000, 64557500), (109570000, 66912500)]
[board_modifier.py:367]: Track added
[key_placer.py:361]: Routing SW17 with D17
[key_placer.py:363]: Using internal autorouter method
[board_modifier.py:433]: Routing at B.Cu layer
[board_modifier.py:499]: Routing pad 'SW17:1' at (88165000, 59372500) with pad 'D17:2' at (90520000, 66912500) using coordinate system rotated by 0 degree(s)
[board_modifier.py:362]: Adding track segment (B.Cu): [(88165000, 59372500), (88165000, 64557500)]
[board_modifier.py:367]: Track added
[board_modifier.py:362]: Adding track segment (B.Cu): [(88165000, 64557500), (90520000, 66912500)]
[board_modifier.py:367]: Track added
[key_placer.py:361]: Routing SW16 with D16
[key_placer.py:363]: Using internal autorouter method
[board_modifier.py:433]: Routing at B.Cu layer
[board_modifier.py:499]: Routing pad 'SW16:1' at (69115000, 59372500) with pad 'D16:2' at (71470000, 66912500) using coordinate system rotated by 0 degree(s)
[board_modifier.py:362]: Adding track segment (B.Cu): [(69115000, 59372500), (69115000, 64557500)]
[board_modifier.py:367]: Track added
[board_modifier.py:362]: Adding track segment (B.Cu): [(69115000, 64557500), (71470000, 66912500)]
[board_modifier.py:367]: Track added
[key_placer.py:361]: Routing SW15 with D15
[key_placer.py:363]: Using internal autorouter method
[board_modifier.py:433]: Routing at B.Cu layer
[board_modifier.py:499]: Routing pad 'SW15:1' at (50065000, 59372500) with pad 'D15:2' at (52420000, 66912500) using coordinate system rotated by 0 degree(s)
[board_modifier.py:362]: Adding track segment (B.Cu): [(50065000, 59372500), (50065000, 64557500)]
[board_modifier.py:367]: Track added
[board_modifier.py:362]: Adding track segment (B.Cu): [(50065000, 64557500), (52420000, 66912500)]
[board_modifier.py:367]: Track added
[key_placer.py:361]: Routing SW14 with D14
[key_placer.py:363]: Using internal autorouter method
[board_modifier.py:433]: Routing at B.Cu layer
[board_modifier.py:499]: Routing pad 'SW14:1' at (31015000, 59372500) with pad 'D14:2' at (33370000, 66912500) using coordinate system rotated by 0 degree(s)
[board_modifier.py:362]: Adding track segment (B.Cu): [(31015000, 59372500), (31015000, 64557500)]
[board_modifier.py:367]: Track added
[board_modifier.py:362]: Adding track segment (B.Cu): [(31015000, 64557500), (33370000, 66912500)]
[board_modifier.py:367]: Track added
[key_placer.py:361]: Routing SW13 with D13
[key_placer.py:363]: Using internal autorouter method
[board_modifier.py:433]: Routing at B.Cu layer
[board_modifier.py:499]: Routing pad 'SW13:1' at (297715000, 35560000) with pad 'D13:2' at (300070000, 43100000) using coordinate system rotated by 0 degree(s)
[board_modifier.py:362]: Adding track segment (B.Cu): [(297715000, 35560000), (297715000, 40745000)]
[board_modifier.py:367]: Track added
[board_modifier.py:362]: Adding track segment (B.Cu): [(297715000, 40745000), (300070000, 43100000)]
[board_modifier.py:367]: Track added
[key_placer.py:361]: Routing SW12 with D12
[key_placer.py:363]: Using internal autorouter method
[board_modifier.py:433]: Routing at B.Cu layer
[board_modifier.py:499]: Routing pad 'SW12:1' at (278665000, 35560000) with pad 'D12:2' at (281020000, 43100000) using coordinate system rotated by 0 degree(s)
[board_modifier.py:362]: Adding track segment (B.Cu): [(278665000, 35560000), (278665000, 40745000)]
[board_modifier.py:367]: Track added
[board_modifier.py:362]: Adding track segment (B.Cu): [(278665000, 40745000), (281020000, 43100000)]
[board_modifier.py:367]: Track added
[key_placer.py:361]: Routing SW11 with D11
[key_placer.py:363]: Using internal autorouter method
[board_modifier.py:433]: Routing at B.Cu layer
[board_modifier.py:499]: Routing pad 'SW11:1' at (259615000, 35560000) with pad 'D11:2' at (261970000, 43100000) using coordinate system rotated by 0 degree(s)
[board_modifier.py:362]: Adding track segment (B.Cu): [(259615000, 35560000), (259615000, 40745000)]
[board_modifier.py:367]: Track added
[board_modifier.py:362]: Adding track segment (B.Cu): [(259615000, 40745000), (261970000, 43100000)]
[board_modifier.py:367]: Track added
[key_placer.py:361]: Routing SW10 with D10
[key_placer.py:363]: Using internal autorouter method
[board_modifier.py:433]: Routing at B.Cu layer
[board_modifier.py:499]: Routing pad 'SW10:1' at (240565000, 35560000) with pad 'D10:2' at (242920000, 43100000) using coordinate system rotated by 0 degree(s)
[board_modifier.py:362]: Adding track segment (B.Cu): [(240565000, 35560000), (240565000, 40745000)]
[board_modifier.py:367]: Track added
[board_modifier.py:362]: Adding track segment (B.Cu): [(240565000, 40745000), (242920000, 43100000)]
[board_modifier.py:367]: Track added
[key_placer.py:361]: Routing SW9 with D9
[key_placer.py:363]: Using internal autorouter method
[board_modifier.py:433]: Routing at B.Cu layer
[board_modifier.py:499]: Routing pad 'SW9:1' at (211990000, 35560000) with pad 'D9:2' at (214345000, 43100000) using coordinate system rotated by 0 degree(s)
[board_modifier.py:362]: Adding track segment (B.Cu): [(211990000, 35560000), (211990000, 40745000)]
[board_modifier.py:367]: Track added
[board_modifier.py:362]: Adding track segment (B.Cu): [(211990000, 40745000), (214345000, 43100000)]
[board_modifier.py:367]: Track added
[key_placer.py:361]: Routing SW8 with D8
[key_placer.py:363]: Using internal autorouter method
[board_modifier.py:433]: Routing at B.Cu layer
[board_modifier.py:499]: Routing pad 'SW8:1' at (192940000, 35560000) with pad 'D8:2' at (195295000, 43100000) using coordinate system rotated by 0 degree(s)
[board_modifier.py:362]: Adding track segment (B.Cu): [(192940000, 35560000), (192940000, 40745000)]
[board_modifier.py:367]: Track added
[board_modifier.py:362]: Adding track segment (B.Cu): [(192940000, 40745000), (195295000, 43100000)]
[board_modifier.py:367]: Track added
[key_placer.py:361]: Routing SW7 with D7
[key_placer.py:363]: Using internal autorouter method
[board_modifier.py:433]: Routing at B.Cu layer
[board_modifier.py:499]: Routing pad 'SW7:1' at (173890000, 35560000) with pad 'D7:2' at (176245000, 43100000) using coordinate system rotated by 0 degree(s)
[board_modifier.py:362]: Adding track segment (B.Cu): [(173890000, 35560000), (173890000, 40745000)]
[board_modifier.py:367]: Track added
[board_modifier.py:362]: Adding track segment (B.Cu): [(173890000, 40745000), (176245000, 43100000)]
[board_modifier.py:367]: Track added
[key_placer.py:361]: Routing SW6 with D6
[key_placer.py:363]: Using internal autorouter method
[board_modifier.py:433]: Routing at B.Cu layer
[board_modifier.py:499]: Routing pad 'SW6:1' at (154840000, 35560000) with pad 'D6:2' at (157195000, 43100000) using coordinate system rotated by 0 degree(s)
[board_modifier.py:362]: Adding track segment (B.Cu): [(154840000, 35560000), (154840000, 40745000)]
[board_modifier.py:367]: Track added
[board_modifier.py:362]: Adding track segment (B.Cu): [(154840000, 40745000), (157195000, 43100000)]
[board_modifier.py:367]: Track added
[key_placer.py:361]: Routing SW5 with D5
[key_placer.py:363]: Using internal autorouter method
[board_modifier.py:433]: Routing at B.Cu layer
[board_modifier.py:499]: Routing pad 'SW5:1' at (126265000, 35560000) with pad 'D5:2' at (128620000, 43100000) using coordinate system rotated by 0 degree(s)
[board_modifier.py:362]: Adding track segment (B.Cu): [(126265000, 35560000), (126265000, 40745000)]
[board_modifier.py:367]: Track added
[board_modifier.py:362]: Adding track segment (B.Cu): [(126265000, 40745000), (128620000, 43100000)]
[board_modifier.py:367]: Track added
[key_placer.py:361]: Routing SW4 with D4
[key_placer.py:363]: Using internal autorouter method
[board_modifier.py:433]: Routing at B.Cu layer
[board_modifier.py:499]: Routing pad 'SW4:1' at (107215000, 35560000) with pad 'D4:2' at (109570000, 43100000) using coordinate system rotated by 0 degree(s)
[board_modifier.py:362]: Adding track segment (B.Cu): [(107215000, 35560000), (107215000, 40745000)]
[board_modifier.py:367]: Track added
[board_modifier.py:362]: Adding track segment (B.Cu): [(107215000, 40745000), (109570000, 43100000)]
[board_modifier.py:367]: Track added
[key_placer.py:361]: Routing SW3 with D3
[key_placer.py:363]: Using internal autorouter method
[board_modifier.py:433]: Routing at B.Cu layer
[board_modifier.py:499]: Routing pad 'SW3:1' at (88165000, 35560000) with pad 'D3:2' at (90520000, 43100000) using coordinate system rotated by 0 degree(s)
[board_modifier.py:362]: Adding track segment (B.Cu): [(88165000, 35560000), (88165000, 40745000)]
[board_modifier.py:367]: Track added
[board_modifier.py:362]: Adding track segment (B.Cu): [(88165000, 40745000), (90520000, 43100000)]
[board_modifier.py:367]: Track added
[key_placer.py:361]: Routing SW2 with D2
[key_placer.py:363]: Using internal autorouter method
[board_modifier.py:433]: Routing at B.Cu layer
[board_modifier.py:499]: Routing pad 'SW2:1' at (69115000, 35560000) with pad 'D2:2' at (71470000, 43100000) using coordinate system rotated by 0 degree(s)
[board_modifier.py:362]: Adding track segment (B.Cu): [(69115000, 35560000), (69115000, 40745000)]
[board_modifier.py:367]: Track added
[board_modifier.py:362]: Adding track segment (B.Cu): [(69115000, 40745000), (71470000, 43100000)]
[board_modifier.py:367]: Track added
[key_placer.py:361]: Routing SW1 with D1
[key_placer.py:363]: Using internal autorouter method
[board_modifier.py:433]: Routing at B.Cu layer
[board_modifier.py:499]: Routing pad 'SW1:1' at (31015000, 35560000) with pad 'D1:2' at (33370000, 43100000) using coordinate system rotated by 0 degree(s)
[board_modifier.py:362]: Adding track segment (B.Cu): [(31015000, 35560000), (31015000, 40745000)]
[board_modifier.py:367]: Track added
[board_modifier.py:362]: Adding track segment (B.Cu): [(31015000, 40745000), (33370000, 43100000)]
[board_modifier.py:367]: Track added
[key_placer.py:395]: Removing dangling tracks
